#
# A fatal error has been detected by the Java Runtime Environment:
#
#  EXCEPTION_ACCESS_VIOLATION (0xc0000005) at pc=0x000000006665d298, pid=13984, tid=6328
#
# JRE version: Java(TM) SE Runtime Environment (12.0+33) (build 12+33)
# Java VM: Java HotSpot(TM) 64-Bit Server VM (12+33, mixed mode, sharing, tiered, compressed oops, g1 gc, windows-amd64)
# Problematic frame:
# C  [humble4166599247600177609.dll+0x5d298]
#
# No core dump will be written. Minidumps are not enabled by default on client versions of Windows
#
# If you would like to submit a bug report, please visit:
#   http://bugreport.java.com/bugreport/crash.jsp
# The crash happened outside the Java Virtual Machine in native code.
# See problematic frame for where to report the bug.
#

---------------  S U M M A R Y ------------

Command Line: -Dfile.encoding=Cp1252 glick.Launcher

Host: AMD Ryzen 5 3600 6-Core Processor              , 12 cores, 15G,  Windows 10 , 64 bit Build 18362 (10.0.18362.778)
Time: Tue Jun  2 19:01:00 2020 Central Daylight Time elapsed time: 35 seconds (0d 0h 0m 35s)

---------------  T H R E A D  ---------------

Current thread (0x000001a993f3e800):  JavaThread "AWT-EventQueue-0" [_thread_in_native, id=6328, stack(0x0000007df9990000,0x0000007df9a90000)]

Stack: [0x0000007df9990000,0x0000007df9a90000],  sp=0x0000007df9a8d340,  free space=1012k
Native frames: (J=compiled Java code, j=interpreted, Vv=VM code, C=native code)
C  [humble4166599247600177609.dll+0x5d298]

Java frames: (J=compiled Java code, j=interpreted, Vv=VM code)
j  io.humble.video.VideoJNI.Muxer_make(Ljava/lang/String;JLio/humble/video/MuxerFormat;Ljava/lang/String;)J+0
j  io.humble.video.Muxer.make(Ljava/lang/String;Lio/humble/video/MuxerFormat;Ljava/lang/String;)Lio/humble/video/Muxer;+7
j  glick.gui.videoExport.AutomaticController.run()V+127
j  glick.gui.Display$6.actionPerformed(Ljava/awt/event/ActionEvent;)V+7
j  javax.swing.AbstractButton.fireActionPerformed(Ljava/awt/event/ActionEvent;)V+83 java.desktop@12
j  javax.swing.AbstractButton$Handler.actionPerformed(Ljava/awt/event/ActionEvent;)V+5 java.desktop@12
j  javax.swing.DefaultButtonModel.fireActionPerformed(Ljava/awt/event/ActionEvent;)V+34 java.desktop@12
j  javax.swing.DefaultButtonModel.setPressed(Z)V+117 java.desktop@12
j  javax.swing.AbstractButton.doClick(I)V+60 java.desktop@12
j  javax.swing.plaf.basic.BasicMenuItemUI.doClick(Ljavax/swing/MenuSelectionManager;)V+47 java.desktop@12
j  javax.swing.plaf.basic.BasicMenuItemUI$Handler.mouseReleased(Ljava/awt/event/MouseEvent;)V+76 java.desktop@12
j  java.awt.Component.processMouseEvent(Ljava/awt/event/MouseEvent;)V+64 java.desktop@12
j  javax.swing.JComponent.processMouseEvent(Ljava/awt/event/MouseEvent;)V+23 java.desktop@12
J 1993 c1 java.awt.Component.processEvent(Ljava/awt/AWTEvent;)V java.desktop@12 (220 bytes) @ 0x000001a9809af2b4 [0x000001a9809aec20+0x0000000000000694]
J 1992 c1 java.awt.Container.processEvent(Ljava/awt/AWTEvent;)V java.desktop@12 (22 bytes) @ 0x000001a9809ae694 [0x000001a9809ae300+0x0000000000000394]
J 1801 c1 java.awt.Component.dispatchEventImpl(Ljava/awt/AWTEvent;)V java.desktop@12 (777 bytes) @ 0x000001a9809200bc [0x000001a98091bbc0+0x00000000000044fc]
J 1855 c1 java.awt.Container.dispatchEventImpl(Ljava/awt/AWTEvent;)V java.desktop@12 (129 bytes) @ 0x000001a980958c3c [0x000001a980958ae0+0x000000000000015c]
J 1985 c1 java.awt.LightweightDispatcher.retargetMouseEvent(Ljava/awt/Component;ILjava/awt/event/MouseEvent;)V java.desktop@12 (372 bytes) @ 0x000001a9809a8ee4 [0x000001a9809a65a0+0x0000000000002944]
J 2366 c1 java.awt.LightweightDispatcher.processMouseEvent(Ljava/awt/event/MouseEvent;)Z java.desktop@12 (265 bytes) @ 0x000001a9809d4c0c [0x000001a9809d3b60+0x00000000000010ac]
J 1989 c1 java.awt.LightweightDispatcher.dispatchEvent(Ljava/awt/AWTEvent;)Z java.desktop@12 (73 bytes) @ 0x000001a9809ac4c4 [0x000001a9809ac020+0x00000000000004a4]
J 1855 c1 java.awt.Container.dispatchEventImpl(Ljava/awt/AWTEvent;)V java.desktop@12 (129 bytes) @ 0x000001a980958bdc [0x000001a980958ae0+0x00000000000000fc]
J 1986 c1 java.awt.Window.dispatchEventImpl(Ljava/awt/AWTEvent;)V java.desktop@12 (23 bytes) @ 0x000001a9809aa90c [0x000001a9809aa2a0+0x000000000000066c]
J 1714 c1 java.awt.EventQueue.dispatchEventImpl(Ljava/awt/AWTEvent;Ljava/lang/Object;)V java.desktop@12 (136 bytes) @ 0x000001a9808e3be4 [0x000001a9808e36c0+0x0000000000000524]
J 1713 c1 java.awt.EventQueue$4.run()Ljava/lang/Void; java.desktop@12 (60 bytes) @ 0x000001a9808e2f84 [0x000001a9808e2e20+0x0000000000000164]
J 1690 c1 java.awt.EventQueue$4.run()Ljava/lang/Object; java.desktop@12 (5 bytes) @ 0x000001a9808d3504 [0x000001a9808d3460+0x00000000000000a4]
J 2756 c2 java.security.ProtectionDomain$JavaSecurityAccessImpl.doIntersectionPrivilege(Ljava/security/PrivilegedAction;Ljava/security/AccessControlContext;Ljava/security/AccessControlContext;)Ljava/lang/Object; java.base@12 (22 bytes) @ 0x000001a987c17784 [0x000001a987c17580+0x0000000000000204]
J 1688 c1 java.awt.EventQueue.dispatchEvent(Ljava/awt/AWTEvent;)V java.desktop@12 (80 bytes) @ 0x000001a9808d1b34 [0x000001a9808d0b00+0x0000000000001034]
J 1691 c1 java.awt.EventDispatchThread.pumpOneEventForFilters(I)V java.desktop@12 (113 bytes) @ 0x000001a9808d5164 [0x000001a9808d49c0+0x00000000000007a4]
j  java.awt.EventDispatchThread.pumpEventsForFilter(ILjava/awt/Conditional;Ljava/awt/EventFilter;)V+35 java.desktop@12
j  java.awt.EventDispatchThread.pumpEventsForHierarchy(ILjava/awt/Conditional;Ljava/awt/Component;)V+11 java.desktop@12
j  java.awt.EventDispatchThread.pumpEvents(ILjava/awt/Conditional;)V+4 java.desktop@12
j  java.awt.EventDispatchThread.pumpEvents(Ljava/awt/Conditional;)V+3 java.desktop@12
j  java.awt.EventDispatchThread.run()V+9 java.desktop@12
v  ~StubRoutines::call_stub

siginfo: EXCEPTION_ACCESS_VIOLATION (0xc0000005), reading address 0x0000000000000000


Register to memory mapping:

RIP=0x000000006665d298 humble4166599247600177609.dll
RAX=0x0 is NULL
RBX={method} {0x000001a99f296130} 'Muxer_make' '(Ljava/lang/String;JLio/humble/video/MuxerFormat;Ljava/lang/String;)J' in 'io/humble/video/VideoJNI'
RCX=0x0000007df9a8d420 is pointing into the stack for thread: 0x000001a993f3e800
RDX=0x0000000067962d10 humble4166599247600177609.dll
RSP=0x0000007df9a8d340 is pointing into the stack for thread: 0x000001a993f3e800
RBP=0x0000007df9a8d3c0 is pointing into the stack for thread: 0x000001a993f3e800
RSI=0x000001a99cf376c0 is pointing into metadata
RDI=0x000001a980009e73 is at code_begin+2355 in an Interpreter codelet
invoke return entry points  [0x000001a980009540, 0x000001a980009f60]  2592 bytes
R8 =0x0 is NULL
R9 =0x0 is NULL
R10=0x000001a98000f0c8 is at code_begin+1000 in an Interpreter codelet
method entry point (kind = native)  [0x000001a98000ece0, 0x000001a98000f840]  2912 bytes
R11=0x000000070af14b90 points into unknown readable memory: 01 d7 7f 36 25 00 00 00
R12=0x0 is NULL
R13={method} {0x000001a99f296130} 'Muxer_make' '(Ljava/lang/String;JLio/humble/video/MuxerFormat;Ljava/lang/String;)J' in 'io/humble/video/VideoJNI'
R14=0x0000007df9a8e0a8 is pointing into the stack for thread: 0x000001a993f3e800
R15=0x000001a993f3e800 is a thread


Registers:
RAX=0x0000000000000000, RBX=0x000001a99f296128, RCX=0x0000007df9a8d420, RDX=0x0000000067962d10
RSP=0x0000007df9a8d340, RBP=0x0000007df9a8d3c0, RSI=0x000001a99cf376c0, RDI=0x000001a980009e73
R8 =0x0000000000000000, R9 =0x0000000000000000, R10=0x000001a98000f0c8, R11=0x000000070af14b90
R12=0x0000000000000000, R13=0x000001a99f296128, R14=0x0000007df9a8e0a8, R15=0x000001a993f3e800
RIP=0x000000006665d298, EFLAGS=0x0000000000010246

Top of Stack: (sp=0x0000007df9a8d340)
0x0000007df9a8d340:   0000007df9a8d420 0000000066600080
0x0000007df9a8d350:   00000000677cda60 000000006784f77c
0x0000007df9a8d360:   000001a994086601 00007ffeb35fc318
0x0000007df9a8d370:   0000007d00000001 0000005000000000
0x0000007df9a8d380:   000000000000002a 0000007df9a8d3f0
0x0000007df9a8d390:   0000000000000000 0000000000000000
0x0000007df9a8d3a0:   0000000000000000 000001a993935fe0
0x0000007df9a8d3b0:   0000007df9a8de00 00000000ffffffff
0x0000007df9a8d3c0:   0000007df9a8d568 0000000000000000
0x0000007df9a8d3d0:   000001a99cb1d5e0 000001a99c3276d0
0x0000007df9a8d3e0:   00000000677cda60 000000006784cc4e
0x0000007df9a8d3f0:   0000007df9a8dca0 000000006665d5f9
0x0000007df9a8d400:   0000007df9a8d340 0000007df9a8d4d1
0x0000007df9a8d410:   00000000e2026ff1 000001a9eca60000
0x0000007df9a8d420:   0000000067962d10 0000000000000000
0x0000007df9a8d430:   000001a99cb1d5e0 000001a99c3276d0 

Instructions: (pc=0x000000006665d298)
0x000000006665d278:   0f b6 00 84 c0 0f 85 58 02 00 00 48 83 bd e0 09
0x000000006665d288:   00 00 00 0f 85 4a 02 00 00 48 8b 85 e0 09 00 00
0x000000006665d298:   0f b6 00 84 c0 0f 85 38 02 00 00 48 8d 85 b7 08
0x000000006665d2a8:   00 00 48 89 c1 e8 8e 59 12 01 48 8d 95 b7 08 00 


Stack slot to memory mapping:
stack at sp + 0 slots: 0x0000007df9a8d420 is pointing into the stack for thread: 0x000001a993f3e800
stack at sp + 1 slots: 0x0000000066600080 humble4166599247600177609.dll
stack at sp + 2 slots: 0x00000000677cda60 humble4166599247600177609.dll
stack at sp + 3 slots: 0x000000006784f77c humble4166599247600177609.dll
stack at sp + 4 slots: 0x000001a994086601 points into unknown readable memory: 00 00 00 00 00 00 00
stack at sp + 5 slots: 0x00007ffeb35fc318 ntdll.dll
stack at sp + 6 slots: 0x0000007d00000001 is an unknown value
stack at sp + 7 slots: 0x0000005000000000 is an unknown value


---------------  P R O C E S S  ---------------

Threads class SMR info:
_java_thread_list=0x000001a993bc9b10, length=28, elements={
0x000001a9ffcc6000, 0x000001a9ffcc7800, 0x000001a993854800, 0x000001a993856800,
0x000001a993857800, 0x000001a99385f800, 0x000001a993862800, 0x000001a9939eb800,
0x000001a9939ec000, 0x000001a993d68800, 0x000001a993d6d000, 0x000001a993d6e000,
0x000001a993eb4000, 0x000001a993eb5000, 0x000001a993eb6000, 0x000001a993ee7800,
0x000001a993eea800, 0x000001a993eeb800, 0x000001a993e2e800, 0x000001a993f39800,
0x000001a993f3d800, 0x000001a993f38800, 0x000001a993f3b000, 0x000001a993f3e800,
0x000001a993f3a000, 0x000001a993f3f000, 0x000001a993f3c800, 0x000001a993f3c000
}

Java Threads: ( => current thread )
  0x000001a9ffcc6000 JavaThread "Reference Handler" daemon [_thread_blocked, id=11236, stack(0x0000007df7a00000,0x0000007df7b00000)]
  0x000001a9ffcc7800 JavaThread "Finalizer" daemon [_thread_blocked, id=9128, stack(0x0000007df7b00000,0x0000007df7c00000)]
  0x000001a993854800 JavaThread "Signal Dispatcher" daemon [_thread_blocked, id=10448, stack(0x0000007df7c00000,0x0000007df7d00000)]
  0x000001a993856800 JavaThread "Attach Listener" daemon [_thread_blocked, id=13276, stack(0x0000007df7d00000,0x0000007df7e00000)]
  0x000001a993857800 JavaThread "C2 CompilerThread0" daemon [_thread_blocked, id=13224, stack(0x0000007df7e00000,0x0000007df7f00000)]
  0x000001a99385f800 JavaThread "C1 CompilerThread0" daemon [_thread_blocked, id=24232, stack(0x0000007df7f00000,0x0000007df8000000)]
  0x000001a993862800 JavaThread "Sweeper thread" daemon [_thread_blocked, id=21636, stack(0x0000007df8000000,0x0000007df8100000)]
  0x000001a9939eb800 JavaThread "Service Thread" daemon [_thread_blocked, id=22008, stack(0x0000007df8100000,0x0000007df8200000)]
  0x000001a9939ec000 JavaThread "Common-Cleaner" daemon [_thread_blocked, id=19524, stack(0x0000007df8300000,0x0000007df8400000)]
  0x000001a993d68800 JavaThread "Java2D Disposer" daemon [_thread_blocked, id=1392, stack(0x0000007df8400000,0x0000007df8500000)]
  0x000001a993d6d000 JavaThread "AWT-Shutdown" [_thread_blocked, id=3232, stack(0x0000007df8500000,0x0000007df8600000)]
  0x000001a993d6e000 JavaThread "AWT-Windows" daemon [_thread_in_native, id=22552, stack(0x0000007df8600000,0x0000007df8700000)]
  0x000001a993eb4000 JavaThread "ForkJoinPool.commonPool-worker-19" daemon [_thread_blocked, id=17484, stack(0x0000007df8800000,0x0000007df8900000)]
  0x000001a993eb5000 JavaThread "ForkJoinPool.commonPool-worker-5" daemon [_thread_blocked, id=19068, stack(0x0000007df8900000,0x0000007df8a00000)]
  0x000001a993eb6000 JavaThread "ForkJoinPool.commonPool-worker-23" daemon [_thread_blocked, id=13148, stack(0x0000007df8a00000,0x0000007df8b00000)]
  0x000001a993ee7800 JavaThread "ForkJoinPool.commonPool-worker-9" daemon [_thread_blocked, id=10028, stack(0x0000007df8b00000,0x0000007df8c00000)]
  0x000001a993eea800 JavaThread "ForkJoinPool.commonPool-worker-27" daemon [_thread_blocked, id=3612, stack(0x0000007df8c00000,0x0000007df8d00000)]
  0x000001a993eeb800 JavaThread "ForkJoinPool.commonPool-worker-13" daemon [_thread_blocked, id=15316, stack(0x0000007df8d00000,0x0000007df8e00000)]
  0x000001a993e2e800 JavaThread "ForkJoinPool.commonPool-worker-31" daemon [_thread_blocked, id=8124, stack(0x0000007df8e00000,0x0000007df8f00000)]
  0x000001a993f39800 JavaThread "ForkJoinPool.commonPool-worker-17" daemon [_thread_blocked, id=18084, stack(0x0000007df8f00000,0x0000007df9000000)]
  0x000001a993f3d800 JavaThread "ForkJoinPool.commonPool-worker-3" daemon [_thread_blocked, id=9048, stack(0x0000007df9000000,0x0000007df9100000)]
  0x000001a993f38800 JavaThread "ForkJoinPool.commonPool-worker-21" daemon [_thread_blocked, id=15516, stack(0x0000007df9100000,0x0000007df9200000)]
  0x000001a993f3b000 JavaThread "ForkJoinPool.commonPool-worker-7" daemon [_thread_blocked, id=17944, stack(0x0000007df9200000,0x0000007df9300000)]
=>0x000001a993f3e800 JavaThread "AWT-EventQueue-0" [_thread_in_native, id=6328, stack(0x0000007df9990000,0x0000007df9a90000)]
  0x000001a993f3a000 JavaThread "Swing-Shell" daemon [_thread_blocked, id=21292, stack(0x0000007df9a90000,0x0000007df9b90000)]
  0x000001a993f3f000 JavaThread "D3D Screen Updater" daemon [_thread_blocked, id=22764, stack(0x0000007dfa090000,0x0000007dfa190000)]
  0x000001a993f3c800 JavaThread "DestroyJavaVM" [_thread_blocked, id=14424, stack(0x0000007df7300000,0x0000007df7400000)]
  0x000001a993f3c000 JavaThread "TimerQueue" daemon [_thread_blocked, id=12064, stack(0x0000007dfa1a0000,0x0000007dfa2a0000)]

Other Threads:
  0x000001a9ffcc4800 VMThread "VM Thread" [stack: 0x0000007df7900000,0x0000007df7a00000] [id=13388]
  0x000001a9939ce000 WatcherThread [stack: 0x0000007df8200000,0x0000007df8300000] [id=10604]
  0x000001a9eee63800 GCTaskThread "GC Thread#0" [stack: 0x0000007df7400000,0x0000007df7500000] [id=15888]
  0x000001a993f24800 GCTaskThread "GC Thread#1" [stack: 0x0000007df9300000,0x0000007df9400000] [id=12308]
  0x000001a993f25800 GCTaskThread "GC Thread#2" [stack: 0x0000007df9400000,0x0000007df9500000] [id=23180]
  0x000001a993f27000 GCTaskThread "GC Thread#3" [stack: 0x0000007df9500000,0x0000007df9600000] [id=19196]
  0x000001a993f30000 GCTaskThread "GC Thread#4" [stack: 0x0000007df9600000,0x0000007df9700000] [id=7676]
  0x000001a993f31800 GCTaskThread "GC Thread#5" [stack: 0x0000007df9700000,0x0000007df9800000] [id=18200]
  0x000001a99daf8800 GCTaskThread "GC Thread#6" [stack: 0x0000007dfa400000,0x0000007dfa500000] [id=11144]
  0x000001a99d9ea800 GCTaskThread "GC Thread#7" [stack: 0x0000007dfa500000,0x0000007dfa600000] [id=23848]
  0x000001a9eee7e000 ConcurrentGCThread "G1 Main Marker" [stack: 0x0000007df7500000,0x0000007df7600000] [id=15372]
  0x000001a9eee81800 ConcurrentGCThread "G1 Conc#0" [stack: 0x0000007df7600000,0x0000007df7700000] [id=6384]
  0x000001a9ffbbf800 ConcurrentGCThread "G1 Refine#0" [stack: 0x0000007df7700000,0x0000007df7800000] [id=20776]
  0x000001a9ffbc0800 ConcurrentGCThread "G1 Young RemSet Sampling" [stack: 0x0000007df7800000,0x0000007df7900000] [id=16780]

Threads with active compile tasks:

VM state:not at safepoint (normal execution)

VM Mutex/Monitor currently owned by a thread: None

Heap address: 0x0000000700c00000, size: 4084 MB, Compressed Oops mode: Zero based, Oop shift amount: 3
Narrow klass base: 0x0000000800000000, Narrow klass shift: 3
Compressed class space size: 1073741824 Address: 0x00000008011a0000

Heap:
 garbage-first heap   total 262144K, used 124182K [0x0000000700c00000, 0x0000000800000000)
  region size 1024K, 113 young (115712K), 8 survivors (8192K)
 Metaspace       used 17480K, capacity 17760K, committed 17920K, reserved 1064960K
  class space    used 1894K, capacity 1998K, committed 2048K, reserved 1048576K
Heap Regions: E=young(eden), S=young(survivor), O=old, HS=humongous(starts), HC=humongous(continues), CS=collection set, F=free, A=archive, TAMS=top-at-mark-start (previous, next)
|   0|0x0000000700c00000, 0x0000000700d00000, 0x0000000700d00000|100%| O|  |TAMS 0x0000000700c00000, 0x0000000700c00000| Untracked 
|   1|0x0000000700d00000, 0x0000000700dc8a00, 0x0000000700e00000| 78%| O|  |TAMS 0x0000000700d00000, 0x0000000700d00000| Untracked 
|   2|0x0000000700e00000, 0x0000000700f00000, 0x0000000700f00000|100%| O|  |TAMS 0x0000000700e00000, 0x0000000700e00000| Untracked 
|   3|0x0000000700f00000, 0x0000000701000000, 0x0000000701000000|100%| O|  |TAMS 0x0000000700f00000, 0x0000000700f00000| Untracked 
|   4|0x0000000701000000, 0x0000000701100000, 0x0000000701100000|100%| O|  |TAMS 0x0000000701000000, 0x0000000701000000| Untracked 
|   5|0x0000000701100000, 0x0000000701200000, 0x0000000701200000|100%| O|  |TAMS 0x0000000701100000, 0x0000000701100000| Untracked 
|   6|0x0000000701200000, 0x0000000701300000, 0x0000000701300000|100%|HS|  |TAMS 0x0000000701200000, 0x0000000701200000| Complete 
|   7|0x0000000701300000, 0x0000000701300000, 0x0000000701400000|  0%| F|  |TAMS 0x0000000701300000, 0x0000000701300000| Untracked 
|   8|0x0000000701400000, 0x0000000701400000, 0x0000000701500000|  0%| F|  |TAMS 0x0000000701400000, 0x0000000701400000| Untracked 
|   9|0x0000000701500000, 0x0000000701600000, 0x0000000701600000|100%|HS|  |TAMS 0x0000000701500000, 0x0000000701500000| Complete 
|  10|0x0000000701600000, 0x0000000701700000, 0x0000000701700000|100%|HC|  |TAMS 0x0000000701600000, 0x0000000701600000| Complete 
|  11|0x0000000701700000, 0x0000000701800000, 0x0000000701800000|100%|HS|  |TAMS 0x0000000701700000, 0x0000000701700000| Complete 
|  12|0x0000000701800000, 0x0000000701800000, 0x0000000701900000|  0%| F|  |TAMS 0x0000000701800000, 0x0000000701800000| Untracked 
|  13|0x0000000701900000, 0x0000000701900000, 0x0000000701a00000|  0%| F|  |TAMS 0x0000000701900000, 0x0000000701900000| Untracked 
|  14|0x0000000701a00000, 0x0000000701a00000, 0x0000000701b00000|  0%| F|  |TAMS 0x0000000701a00000, 0x0000000701a00000| Untracked 
|  15|0x0000000701b00000, 0x0000000701b00000, 0x0000000701c00000|  0%| F|  |TAMS 0x0000000701b00000, 0x0000000701b00000| Untracked 
|  16|0x0000000701c00000, 0x0000000701c00000, 0x0000000701d00000|  0%| F|  |TAMS 0x0000000701c00000, 0x0000000701c00000| Untracked 
|  17|0x0000000701d00000, 0x0000000701d00000, 0x0000000701e00000|  0%| F|  |TAMS 0x0000000701d00000, 0x0000000701d00000| Untracked 
|  18|0x0000000701e00000, 0x0000000701e00000, 0x0000000701f00000|  0%| F|  |TAMS 0x0000000701e00000, 0x0000000701e00000| Untracked 
|  19|0x0000000701f00000, 0x0000000701f00000, 0x0000000702000000|  0%| F|  |TAMS 0x0000000701f00000, 0x0000000701f00000| Untracked 
|  20|0x0000000702000000, 0x0000000702000000, 0x0000000702100000|  0%| F|  |TAMS 0x0000000702000000, 0x0000000702000000| Untracked 
|  21|0x0000000702100000, 0x0000000702100000, 0x0000000702200000|  0%| F|  |TAMS 0x0000000702100000, 0x0000000702100000| Untracked 
|  22|0x0000000702200000, 0x0000000702200000, 0x0000000702300000|  0%| F|  |TAMS 0x0000000702200000, 0x0000000702200000| Untracked 
|  23|0x0000000702300000, 0x0000000702300000, 0x0000000702400000|  0%| F|  |TAMS 0x0000000702300000, 0x0000000702300000| Untracked 
|  24|0x0000000702400000, 0x0000000702400000, 0x0000000702500000|  0%| F|  |TAMS 0x0000000702400000, 0x0000000702400000| Untracked 
|  25|0x0000000702500000, 0x0000000702500000, 0x0000000702600000|  0%| F|  |TAMS 0x0000000702500000, 0x0000000702500000| Untracked 
|  26|0x0000000702600000, 0x0000000702600000, 0x0000000702700000|  0%| F|  |TAMS 0x0000000702600000, 0x0000000702600000| Untracked 
|  27|0x0000000702700000, 0x0000000702700000, 0x0000000702800000|  0%| F|  |TAMS 0x0000000702700000, 0x0000000702700000| Untracked 
|  28|0x0000000702800000, 0x0000000702800000, 0x0000000702900000|  0%| F|  |TAMS 0x0000000702800000, 0x0000000702800000| Untracked 
|  29|0x0000000702900000, 0x0000000702900000, 0x0000000702a00000|  0%| F|  |TAMS 0x0000000702900000, 0x0000000702900000| Untracked 
|  30|0x0000000702a00000, 0x0000000702a00000, 0x0000000702b00000|  0%| F|  |TAMS 0x0000000702a00000, 0x0000000702a00000| Untracked 
|  31|0x0000000702b00000, 0x0000000702b00000, 0x0000000702c00000|  0%| F|  |TAMS 0x0000000702b00000, 0x0000000702b00000| Untracked 
|  32|0x0000000702c00000, 0x0000000702c00000, 0x0000000702d00000|  0%| F|  |TAMS 0x0000000702c00000, 0x0000000702c00000| Untracked 
|  33|0x0000000702d00000, 0x0000000702d00000, 0x0000000702e00000|  0%| F|  |TAMS 0x0000000702d00000, 0x0000000702d00000| Untracked 
|  34|0x0000000702e00000, 0x0000000702e00000, 0x0000000702f00000|  0%| F|  |TAMS 0x0000000702e00000, 0x0000000702e00000| Untracked 
|  35|0x0000000702f00000, 0x0000000702f00000, 0x0000000703000000|  0%| F|  |TAMS 0x0000000702f00000, 0x0000000702f00000| Untracked 
|  36|0x0000000703000000, 0x0000000703000000, 0x0000000703100000|  0%| F|  |TAMS 0x0000000703000000, 0x0000000703000000| Untracked 
|  37|0x0000000703100000, 0x0000000703100000, 0x0000000703200000|  0%| F|  |TAMS 0x0000000703100000, 0x0000000703100000| Untracked 
|  38|0x0000000703200000, 0x0000000703200000, 0x0000000703300000|  0%| F|  |TAMS 0x0000000703200000, 0x0000000703200000| Untracked 
|  39|0x0000000703300000, 0x0000000703300000, 0x0000000703400000|  0%| F|  |TAMS 0x0000000703300000, 0x0000000703300000| Untracked 
|  40|0x0000000703400000, 0x0000000703400000, 0x0000000703500000|  0%| F|  |TAMS 0x0000000703400000, 0x0000000703400000| Untracked 
|  41|0x0000000703500000, 0x0000000703500000, 0x0000000703600000|  0%| F|  |TAMS 0x0000000703500000, 0x0000000703500000| Untracked 
|  42|0x0000000703600000, 0x0000000703600000, 0x0000000703700000|  0%| F|  |TAMS 0x0000000703600000, 0x0000000703600000| Untracked 
|  43|0x0000000703700000, 0x0000000703700000, 0x0000000703800000|  0%| F|  |TAMS 0x0000000703700000, 0x0000000703700000| Untracked 
|  44|0x0000000703800000, 0x0000000703800000, 0x0000000703900000|  0%| F|  |TAMS 0x0000000703800000, 0x0000000703800000| Untracked 
|  45|0x0000000703900000, 0x0000000703900000, 0x0000000703a00000|  0%| F|  |TAMS 0x0000000703900000, 0x0000000703900000| Untracked 
|  46|0x0000000703a00000, 0x0000000703a00000, 0x0000000703b00000|  0%| F|  |TAMS 0x0000000703a00000, 0x0000000703a00000| Untracked 
|  47|0x0000000703b00000, 0x0000000703b00000, 0x0000000703c00000|  0%| F|  |TAMS 0x0000000703b00000, 0x0000000703b00000| Untracked 
|  48|0x0000000703c00000, 0x0000000703c00000, 0x0000000703d00000|  0%| F|  |TAMS 0x0000000703c00000, 0x0000000703c00000| Untracked 
|  49|0x0000000703d00000, 0x0000000703d00000, 0x0000000703e00000|  0%| F|  |TAMS 0x0000000703d00000, 0x0000000703d00000| Untracked 
|  50|0x0000000703e00000, 0x0000000703e00000, 0x0000000703f00000|  0%| F|  |TAMS 0x0000000703e00000, 0x0000000703e00000| Untracked 
|  51|0x0000000703f00000, 0x0000000703f00000, 0x0000000704000000|  0%| F|  |TAMS 0x0000000703f00000, 0x0000000703f00000| Untracked 
|  52|0x0000000704000000, 0x0000000704000000, 0x0000000704100000|  0%| F|  |TAMS 0x0000000704000000, 0x0000000704000000| Untracked 
|  53|0x0000000704100000, 0x0000000704100000, 0x0000000704200000|  0%| F|  |TAMS 0x0000000704100000, 0x0000000704100000| Untracked 
|  54|0x0000000704200000, 0x0000000704200000, 0x0000000704300000|  0%| F|  |TAMS 0x0000000704200000, 0x0000000704200000| Untracked 
|  55|0x0000000704300000, 0x0000000704300000, 0x0000000704400000|  0%| F|  |TAMS 0x0000000704300000, 0x0000000704300000| Untracked 
|  56|0x0000000704400000, 0x0000000704400000, 0x0000000704500000|  0%| F|  |TAMS 0x0000000704400000, 0x0000000704400000| Untracked 
|  57|0x0000000704500000, 0x0000000704500000, 0x0000000704600000|  0%| F|  |TAMS 0x0000000704500000, 0x0000000704500000| Untracked 
|  58|0x0000000704600000, 0x0000000704600000, 0x0000000704700000|  0%| F|  |TAMS 0x0000000704600000, 0x0000000704600000| Untracked 
|  59|0x0000000704700000, 0x0000000704700000, 0x0000000704800000|  0%| F|  |TAMS 0x0000000704700000, 0x0000000704700000| Untracked 
|  60|0x0000000704800000, 0x0000000704800000, 0x0000000704900000|  0%| F|  |TAMS 0x0000000704800000, 0x0000000704800000| Untracked 
|  61|0x0000000704900000, 0x0000000704900000, 0x0000000704a00000|  0%| F|  |TAMS 0x0000000704900000, 0x0000000704900000| Untracked 
|  62|0x0000000704a00000, 0x0000000704a00000, 0x0000000704b00000|  0%| F|  |TAMS 0x0000000704a00000, 0x0000000704a00000| Untracked 
|  63|0x0000000704b00000, 0x0000000704b00000, 0x0000000704c00000|  0%| F|  |TAMS 0x0000000704b00000, 0x0000000704b00000| Untracked 
|  64|0x0000000704c00000, 0x0000000704c00000, 0x0000000704d00000|  0%| F|  |TAMS 0x0000000704c00000, 0x0000000704c00000| Untracked 
|  65|0x0000000704d00000, 0x0000000704d00000, 0x0000000704e00000|  0%| F|  |TAMS 0x0000000704d00000, 0x0000000704d00000| Untracked 
|  66|0x0000000704e00000, 0x0000000704e00000, 0x0000000704f00000|  0%| F|  |TAMS 0x0000000704e00000, 0x0000000704e00000| Untracked 
|  67|0x0000000704f00000, 0x0000000704f00000, 0x0000000705000000|  0%| F|  |TAMS 0x0000000704f00000, 0x0000000704f00000| Untracked 
|  68|0x0000000705000000, 0x0000000705000000, 0x0000000705100000|  0%| F|  |TAMS 0x0000000705000000, 0x0000000705000000| Untracked 
|  69|0x0000000705100000, 0x0000000705100000, 0x0000000705200000|  0%| F|  |TAMS 0x0000000705100000, 0x0000000705100000| Untracked 
|  70|0x0000000705200000, 0x0000000705200000, 0x0000000705300000|  0%| F|  |TAMS 0x0000000705200000, 0x0000000705200000| Untracked 
|  71|0x0000000705300000, 0x0000000705300000, 0x0000000705400000|  0%| F|  |TAMS 0x0000000705300000, 0x0000000705300000| Untracked 
|  72|0x0000000705400000, 0x0000000705400000, 0x0000000705500000|  0%| F|  |TAMS 0x0000000705400000, 0x0000000705400000| Untracked 
|  73|0x0000000705500000, 0x0000000705500000, 0x0000000705600000|  0%| F|  |TAMS 0x0000000705500000, 0x0000000705500000| Untracked 
|  74|0x0000000705600000, 0x0000000705600000, 0x0000000705700000|  0%| F|  |TAMS 0x0000000705600000, 0x0000000705600000| Untracked 
|  75|0x0000000705700000, 0x0000000705700000, 0x0000000705800000|  0%| F|  |TAMS 0x0000000705700000, 0x0000000705700000| Untracked 
|  76|0x0000000705800000, 0x0000000705800000, 0x0000000705900000|  0%| F|  |TAMS 0x0000000705800000, 0x0000000705800000| Untracked 
|  77|0x0000000705900000, 0x0000000705900000, 0x0000000705a00000|  0%| F|  |TAMS 0x0000000705900000, 0x0000000705900000| Untracked 
|  78|0x0000000705a00000, 0x0000000705a00000, 0x0000000705b00000|  0%| F|  |TAMS 0x0000000705a00000, 0x0000000705a00000| Untracked 
|  79|0x0000000705b00000, 0x0000000705b00000, 0x0000000705c00000|  0%| F|  |TAMS 0x0000000705b00000, 0x0000000705b00000| Untracked 
|  80|0x0000000705c00000, 0x0000000705c00000, 0x0000000705d00000|  0%| F|  |TAMS 0x0000000705c00000, 0x0000000705c00000| Untracked 
|  81|0x0000000705d00000, 0x0000000705d00000, 0x0000000705e00000|  0%| F|  |TAMS 0x0000000705d00000, 0x0000000705d00000| Untracked 
|  82|0x0000000705e00000, 0x0000000705e00000, 0x0000000705f00000|  0%| F|  |TAMS 0x0000000705e00000, 0x0000000705e00000| Untracked 
|  83|0x0000000705f00000, 0x0000000705f00000, 0x0000000706000000|  0%| F|  |TAMS 0x0000000705f00000, 0x0000000705f00000| Untracked 
|  84|0x0000000706000000, 0x0000000706000000, 0x0000000706100000|  0%| F|  |TAMS 0x0000000706000000, 0x0000000706000000| Untracked 
|  85|0x0000000706100000, 0x0000000706100000, 0x0000000706200000|  0%| F|  |TAMS 0x0000000706100000, 0x0000000706100000| Untracked 
|  86|0x0000000706200000, 0x0000000706200000, 0x0000000706300000|  0%| F|  |TAMS 0x0000000706200000, 0x0000000706200000| Untracked 
|  87|0x0000000706300000, 0x0000000706300000, 0x0000000706400000|  0%| F|  |TAMS 0x0000000706300000, 0x0000000706300000| Untracked 
|  88|0x0000000706400000, 0x0000000706400000, 0x0000000706500000|  0%| F|  |TAMS 0x0000000706400000, 0x0000000706400000| Untracked 
|  89|0x0000000706500000, 0x0000000706500000, 0x0000000706600000|  0%| F|  |TAMS 0x0000000706500000, 0x0000000706500000| Untracked 
|  90|0x0000000706600000, 0x0000000706600000, 0x0000000706700000|  0%| F|  |TAMS 0x0000000706600000, 0x0000000706600000| Untracked 
|  91|0x0000000706700000, 0x0000000706700000, 0x0000000706800000|  0%| F|  |TAMS 0x0000000706700000, 0x0000000706700000| Untracked 
|  92|0x0000000706800000, 0x0000000706800000, 0x0000000706900000|  0%| F|  |TAMS 0x0000000706800000, 0x0000000706800000| Untracked 
|  93|0x0000000706900000, 0x0000000706900000, 0x0000000706a00000|  0%| F|  |TAMS 0x0000000706900000, 0x0000000706900000| Untracked 
|  94|0x0000000706a00000, 0x0000000706a00000, 0x0000000706b00000|  0%| F|  |TAMS 0x0000000706a00000, 0x0000000706a00000| Untracked 
|  95|0x0000000706b00000, 0x0000000706b7d050, 0x0000000706c00000| 48%| S|CS|TAMS 0x0000000706b00000, 0x0000000706b00000| Complete 
|  96|0x0000000706c00000, 0x0000000706d00000, 0x0000000706d00000|100%| S|CS|TAMS 0x0000000706c00000, 0x0000000706c00000| Complete 
|  97|0x0000000706d00000, 0x0000000706e00000, 0x0000000706e00000|100%| S|CS|TAMS 0x0000000706d00000, 0x0000000706d00000| Complete 
|  98|0x0000000706e00000, 0x0000000706f00000, 0x0000000706f00000|100%| S|CS|TAMS 0x0000000706e00000, 0x0000000706e00000| Complete 
|  99|0x0000000706f00000, 0x0000000707000000, 0x0000000707000000|100%| S|CS|TAMS 0x0000000706f00000, 0x0000000706f00000| Complete 
| 100|0x0000000707000000, 0x0000000707100000, 0x0000000707100000|100%| S|CS|TAMS 0x0000000707000000, 0x0000000707000000| Complete 
| 101|0x0000000707100000, 0x0000000707200000, 0x0000000707200000|100%| S|CS|TAMS 0x0000000707100000, 0x0000000707100000| Complete 
| 102|0x0000000707200000, 0x0000000707300000, 0x0000000707300000|100%| S|CS|TAMS 0x0000000707200000, 0x0000000707200000| Complete 
| 103|0x0000000707300000, 0x0000000707300000, 0x0000000707400000|  0%| F|  |TAMS 0x0000000707300000, 0x0000000707300000| Untracked 
| 104|0x0000000707400000, 0x0000000707400000, 0x0000000707500000|  0%| F|  |TAMS 0x0000000707400000, 0x0000000707400000| Untracked 
| 105|0x0000000707500000, 0x0000000707500000, 0x0000000707600000|  0%| F|  |TAMS 0x0000000707500000, 0x0000000707500000| Untracked 
| 106|0x0000000707600000, 0x0000000707600000, 0x0000000707700000|  0%| F|  |TAMS 0x0000000707600000, 0x0000000707600000| Untracked 
| 107|0x0000000707700000, 0x0000000707700000, 0x0000000707800000|  0%| F|  |TAMS 0x0000000707700000, 0x0000000707700000| Untracked 
| 108|0x0000000707800000, 0x0000000707800000, 0x0000000707900000|  0%| F|  |TAMS 0x0000000707800000, 0x0000000707800000| Untracked 
| 109|0x0000000707900000, 0x0000000707900000, 0x0000000707a00000|  0%| F|  |TAMS 0x0000000707900000, 0x0000000707900000| Untracked 
| 110|0x0000000707a00000, 0x0000000707a00000, 0x0000000707b00000|  0%| F|  |TAMS 0x0000000707a00000, 0x0000000707a00000| Untracked 
| 111|0x0000000707b00000, 0x0000000707b00000, 0x0000000707c00000|  0%| F|  |TAMS 0x0000000707b00000, 0x0000000707b00000| Untracked 
| 112|0x0000000707c00000, 0x0000000707c00000, 0x0000000707d00000|  0%| F|  |TAMS 0x0000000707c00000, 0x0000000707c00000| Untracked 
| 113|0x0000000707d00000, 0x0000000707d00000, 0x0000000707e00000|  0%| F|  |TAMS 0x0000000707d00000, 0x0000000707d00000| Untracked 
| 114|0x0000000707e00000, 0x0000000707e00000, 0x0000000707f00000|  0%| F|  |TAMS 0x0000000707e00000, 0x0000000707e00000| Untracked 
| 115|0x0000000707f00000, 0x0000000707f00000, 0x0000000708000000|  0%| F|  |TAMS 0x0000000707f00000, 0x0000000707f00000| Untracked 
| 116|0x0000000708000000, 0x0000000708000000, 0x0000000708100000|  0%| F|  |TAMS 0x0000000708000000, 0x0000000708000000| Untracked 
| 117|0x0000000708100000, 0x0000000708100000, 0x0000000708200000|  0%| F|  |TAMS 0x0000000708100000, 0x0000000708100000| Untracked 
| 118|0x0000000708200000, 0x0000000708200000, 0x0000000708300000|  0%| F|  |TAMS 0x0000000708200000, 0x0000000708200000| Untracked 
| 119|0x0000000708300000, 0x0000000708300000, 0x0000000708400000|  0%| F|  |TAMS 0x0000000708300000, 0x0000000708300000| Untracked 
| 120|0x0000000708400000, 0x0000000708400000, 0x0000000708500000|  0%| F|  |TAMS 0x0000000708400000, 0x0000000708400000| Untracked 
| 121|0x0000000708500000, 0x0000000708500000, 0x0000000708600000|  0%| F|  |TAMS 0x0000000708500000, 0x0000000708500000| Untracked 
| 122|0x0000000708600000, 0x0000000708600000, 0x0000000708700000|  0%| F|  |TAMS 0x0000000708600000, 0x0000000708600000| Untracked 
| 123|0x0000000708700000, 0x0000000708700000, 0x0000000708800000|  0%| F|  |TAMS 0x0000000708700000, 0x0000000708700000| Untracked 
| 124|0x0000000708800000, 0x0000000708800000, 0x0000000708900000|  0%| F|  |TAMS 0x0000000708800000, 0x0000000708800000| Untracked 
| 125|0x0000000708900000, 0x0000000708900000, 0x0000000708a00000|  0%| F|  |TAMS 0x0000000708900000, 0x0000000708900000| Untracked 
| 126|0x0000000708a00000, 0x0000000708a00000, 0x0000000708b00000|  0%| F|  |TAMS 0x0000000708a00000, 0x0000000708a00000| Untracked 
| 127|0x0000000708b00000, 0x0000000708b00000, 0x0000000708c00000|  0%| F|  |TAMS 0x0000000708b00000, 0x0000000708b00000| Untracked 
| 128|0x0000000708c00000, 0x0000000708c00000, 0x0000000708d00000|  0%| F|  |TAMS 0x0000000708c00000, 0x0000000708c00000| Untracked 
| 129|0x0000000708d00000, 0x0000000708d00000, 0x0000000708e00000|  0%| F|  |TAMS 0x0000000708d00000, 0x0000000708d00000| Untracked 
| 130|0x0000000708e00000, 0x0000000708e00000, 0x0000000708f00000|  0%| F|  |TAMS 0x0000000708e00000, 0x0000000708e00000| Untracked 
| 131|0x0000000708f00000, 0x0000000708f00000, 0x0000000709000000|  0%| F|  |TAMS 0x0000000708f00000, 0x0000000708f00000| Untracked 
| 132|0x0000000709000000, 0x0000000709000000, 0x0000000709100000|  0%| F|  |TAMS 0x0000000709000000, 0x0000000709000000| Untracked 
| 133|0x0000000709100000, 0x0000000709100000, 0x0000000709200000|  0%| F|  |TAMS 0x0000000709100000, 0x0000000709100000| Untracked 
| 134|0x0000000709200000, 0x0000000709200000, 0x0000000709300000|  0%| F|  |TAMS 0x0000000709200000, 0x0000000709200000| Untracked 
| 135|0x0000000709300000, 0x0000000709300000, 0x0000000709400000|  0%| F|  |TAMS 0x0000000709300000, 0x0000000709300000| Untracked 
| 136|0x0000000709400000, 0x0000000709400000, 0x0000000709500000|  0%| F|  |TAMS 0x0000000709400000, 0x0000000709400000| Untracked 
| 137|0x0000000709500000, 0x0000000709500000, 0x0000000709600000|  0%| F|  |TAMS 0x0000000709500000, 0x0000000709500000| Untracked 
| 138|0x0000000709600000, 0x0000000709600000, 0x0000000709700000|  0%| F|  |TAMS 0x0000000709600000, 0x0000000709600000| Untracked 
| 139|0x0000000709700000, 0x0000000709700000, 0x0000000709800000|  0%| F|  |TAMS 0x0000000709700000, 0x0000000709700000| Untracked 
| 140|0x0000000709800000, 0x0000000709800000, 0x0000000709900000|  0%| F|  |TAMS 0x0000000709800000, 0x0000000709800000| Untracked 
| 141|0x0000000709900000, 0x0000000709900000, 0x0000000709a00000|  0%| F|  |TAMS 0x0000000709900000, 0x0000000709900000| Untracked 
| 142|0x0000000709a00000, 0x0000000709a00000, 0x0000000709b00000|  0%| F|  |TAMS 0x0000000709a00000, 0x0000000709a00000| Untracked 
| 143|0x0000000709b00000, 0x0000000709b00000, 0x0000000709c00000|  0%| F|  |TAMS 0x0000000709b00000, 0x0000000709b00000| Untracked 
| 144|0x0000000709c00000, 0x0000000709c00000, 0x0000000709d00000|  0%| F|  |TAMS 0x0000000709c00000, 0x0000000709c00000| Untracked 
| 145|0x0000000709d00000, 0x0000000709d00000, 0x0000000709e00000|  0%| F|  |TAMS 0x0000000709d00000, 0x0000000709d00000| Untracked 
| 146|0x0000000709e00000, 0x0000000709e00000, 0x0000000709f00000|  0%| F|  |TAMS 0x0000000709e00000, 0x0000000709e00000| Untracked 
| 147|0x0000000709f00000, 0x0000000709f00000, 0x000000070a000000|  0%| F|  |TAMS 0x0000000709f00000, 0x0000000709f00000| Untracked 
| 148|0x000000070a000000, 0x000000070a000000, 0x000000070a100000|  0%| F|  |TAMS 0x000000070a000000, 0x000000070a000000| Untracked 
| 149|0x000000070a100000, 0x000000070a100000, 0x000000070a200000|  0%| F|  |TAMS 0x000000070a100000, 0x000000070a100000| Untracked 
| 150|0x000000070a200000, 0x000000070a200000, 0x000000070a300000|  0%| F|  |TAMS 0x000000070a200000, 0x000000070a200000| Untracked 
| 151|0x000000070a300000, 0x000000070a33a378, 0x000000070a400000| 22%| E|  |TAMS 0x000000070a300000, 0x000000070a300000| Complete 
| 152|0x000000070a400000, 0x000000070a500000, 0x000000070a500000|100%| E|CS|TAMS 0x000000070a400000, 0x000000070a400000| Complete 
| 153|0x000000070a500000, 0x000000070a600000, 0x000000070a600000|100%| E|CS|TAMS 0x000000070a500000, 0x000000070a500000| Complete 
| 154|0x000000070a600000, 0x000000070a700000, 0x000000070a700000|100%| E|CS|TAMS 0x000000070a600000, 0x000000070a600000| Complete 
| 155|0x000000070a700000, 0x000000070a800000, 0x000000070a800000|100%| E|CS|TAMS 0x000000070a700000, 0x000000070a700000| Complete 
| 156|0x000000070a800000, 0x000000070a900000, 0x000000070a900000|100%| E|CS|TAMS 0x000000070a800000, 0x000000070a800000| Complete 
| 157|0x000000070a900000, 0x000000070aa00000, 0x000000070aa00000|100%| E|CS|TAMS 0x000000070a900000, 0x000000070a900000| Complete 
| 158|0x000000070aa00000, 0x000000070ab00000, 0x000000070ab00000|100%| E|CS|TAMS 0x000000070aa00000, 0x000000070aa00000| Complete 
| 159|0x000000070ab00000, 0x000000070ac00000, 0x000000070ac00000|100%| E|CS|TAMS 0x000000070ab00000, 0x000000070ab00000| Complete 
| 160|0x000000070ac00000, 0x000000070ad00000, 0x000000070ad00000|100%| E|CS|TAMS 0x000000070ac00000, 0x000000070ac00000| Complete 
| 161|0x000000070ad00000, 0x000000070ae00000, 0x000000070ae00000|100%| E|CS|TAMS 0x000000070ad00000, 0x000000070ad00000| Complete 
| 162|0x000000070ae00000, 0x000000070af00000, 0x000000070af00000|100%| E|CS|TAMS 0x000000070ae00000, 0x000000070ae00000| Complete 
| 163|0x000000070af00000, 0x000000070b000000, 0x000000070b000000|100%| E|CS|TAMS 0x000000070af00000, 0x000000070af00000| Complete 
| 164|0x000000070b000000, 0x000000070b100000, 0x000000070b100000|100%| E|CS|TAMS 0x000000070b000000, 0x000000070b000000| Complete 
| 165|0x000000070b100000, 0x000000070b200000, 0x000000070b200000|100%| E|CS|TAMS 0x000000070b100000, 0x000000070b100000| Complete 
| 166|0x000000070b200000, 0x000000070b300000, 0x000000070b300000|100%| E|CS|TAMS 0x000000070b200000, 0x000000070b200000| Complete 
| 167|0x000000070b300000, 0x000000070b400000, 0x000000070b400000|100%| E|CS|TAMS 0x000000070b300000, 0x000000070b300000| Complete 
| 168|0x000000070b400000, 0x000000070b500000, 0x000000070b500000|100%| E|CS|TAMS 0x000000070b400000, 0x000000070b400000| Complete 
| 169|0x000000070b500000, 0x000000070b600000, 0x000000070b600000|100%| E|CS|TAMS 0x000000070b500000, 0x000000070b500000| Complete 
| 170|0x000000070b600000, 0x000000070b700000, 0x000000070b700000|100%| E|CS|TAMS 0x000000070b600000, 0x000000070b600000| Complete 
| 171|0x000000070b700000, 0x000000070b800000, 0x000000070b800000|100%| E|CS|TAMS 0x000000070b700000, 0x000000070b700000| Complete 
| 172|0x000000070b800000, 0x000000070b900000, 0x000000070b900000|100%| E|CS|TAMS 0x000000070b800000, 0x000000070b800000| Complete 
| 173|0x000000070b900000, 0x000000070ba00000, 0x000000070ba00000|100%| E|CS|TAMS 0x000000070b900000, 0x000000070b900000| Complete 
| 174|0x000000070ba00000, 0x000000070bb00000, 0x000000070bb00000|100%| E|CS|TAMS 0x000000070ba00000, 0x000000070ba00000| Complete 
| 175|0x000000070bb00000, 0x000000070bc00000, 0x000000070bc00000|100%| E|CS|TAMS 0x000000070bb00000, 0x000000070bb00000| Complete 
| 176|0x000000070bc00000, 0x000000070bd00000, 0x000000070bd00000|100%| E|CS|TAMS 0x000000070bc00000, 0x000000070bc00000| Complete 
| 177|0x000000070bd00000, 0x000000070be00000, 0x000000070be00000|100%| E|CS|TAMS 0x000000070bd00000, 0x000000070bd00000| Complete 
| 178|0x000000070be00000, 0x000000070bf00000, 0x000000070bf00000|100%| E|CS|TAMS 0x000000070be00000, 0x000000070be00000| Complete 
| 179|0x000000070bf00000, 0x000000070c000000, 0x000000070c000000|100%| E|CS|TAMS 0x000000070bf00000, 0x000000070bf00000| Complete 
| 180|0x000000070c000000, 0x000000070c100000, 0x000000070c100000|100%| E|CS|TAMS 0x000000070c000000, 0x000000070c000000| Complete 
| 181|0x000000070c100000, 0x000000070c200000, 0x000000070c200000|100%| E|CS|TAMS 0x000000070c100000, 0x000000070c100000| Complete 
| 182|0x000000070c200000, 0x000000070c300000, 0x000000070c300000|100%| E|CS|TAMS 0x000000070c200000, 0x000000070c200000| Complete 
| 183|0x000000070c300000, 0x000000070c400000, 0x000000070c400000|100%| E|CS|TAMS 0x000000070c300000, 0x000000070c300000| Complete 
| 184|0x000000070c400000, 0x000000070c500000, 0x000000070c500000|100%| E|CS|TAMS 0x000000070c400000, 0x000000070c400000| Complete 
| 185|0x000000070c500000, 0x000000070c600000, 0x000000070c600000|100%| E|CS|TAMS 0x000000070c500000, 0x000000070c500000| Complete 
| 186|0x000000070c600000, 0x000000070c700000, 0x000000070c700000|100%| E|CS|TAMS 0x000000070c600000, 0x000000070c600000| Complete 
| 187|0x000000070c700000, 0x000000070c800000, 0x000000070c800000|100%| E|CS|TAMS 0x000000070c700000, 0x000000070c700000| Complete 
| 188|0x000000070c800000, 0x000000070c900000, 0x000000070c900000|100%| E|CS|TAMS 0x000000070c800000, 0x000000070c800000| Complete 
| 189|0x000000070c900000, 0x000000070ca00000, 0x000000070ca00000|100%| E|CS|TAMS 0x000000070c900000, 0x000000070c900000| Complete 
| 190|0x000000070ca00000, 0x000000070cb00000, 0x000000070cb00000|100%| E|CS|TAMS 0x000000070ca00000, 0x000000070ca00000| Complete 
| 191|0x000000070cb00000, 0x000000070cc00000, 0x000000070cc00000|100%| E|CS|TAMS 0x000000070cb00000, 0x000000070cb00000| Complete 
| 192|0x000000070cc00000, 0x000000070cd00000, 0x000000070cd00000|100%| E|CS|TAMS 0x000000070cc00000, 0x000000070cc00000| Complete 
| 193|0x000000070cd00000, 0x000000070ce00000, 0x000000070ce00000|100%| E|CS|TAMS 0x000000070cd00000, 0x000000070cd00000| Complete 
| 194|0x000000070ce00000, 0x000000070cf00000, 0x000000070cf00000|100%| E|CS|TAMS 0x000000070ce00000, 0x000000070ce00000| Complete 
| 195|0x000000070cf00000, 0x000000070d000000, 0x000000070d000000|100%| E|CS|TAMS 0x000000070cf00000, 0x000000070cf00000| Complete 
| 196|0x000000070d000000, 0x000000070d100000, 0x000000070d100000|100%| E|CS|TAMS 0x000000070d000000, 0x000000070d000000| Complete 
| 197|0x000000070d100000, 0x000000070d200000, 0x000000070d200000|100%| E|CS|TAMS 0x000000070d100000, 0x000000070d100000| Complete 
| 198|0x000000070d200000, 0x000000070d300000, 0x000000070d300000|100%| E|CS|TAMS 0x000000070d200000, 0x000000070d200000| Complete 
| 199|0x000000070d300000, 0x000000070d400000, 0x000000070d400000|100%| E|CS|TAMS 0x000000070d300000, 0x000000070d300000| Complete 
| 200|0x000000070d400000, 0x000000070d500000, 0x000000070d500000|100%| E|CS|TAMS 0x000000070d400000, 0x000000070d400000| Complete 
| 201|0x000000070d500000, 0x000000070d600000, 0x000000070d600000|100%| E|CS|TAMS 0x000000070d500000, 0x000000070d500000| Complete 
| 202|0x000000070d600000, 0x000000070d700000, 0x000000070d700000|100%| E|CS|TAMS 0x000000070d600000, 0x000000070d600000| Complete 
| 203|0x000000070d700000, 0x000000070d800000, 0x000000070d800000|100%| E|CS|TAMS 0x000000070d700000, 0x000000070d700000| Complete 
| 204|0x000000070d800000, 0x000000070d900000, 0x000000070d900000|100%| E|CS|TAMS 0x000000070d800000, 0x000000070d800000| Complete 
| 205|0x000000070d900000, 0x000000070da00000, 0x000000070da00000|100%| E|CS|TAMS 0x000000070d900000, 0x000000070d900000| Complete 
| 206|0x000000070da00000, 0x000000070db00000, 0x000000070db00000|100%| E|CS|TAMS 0x000000070da00000, 0x000000070da00000| Complete 
| 207|0x000000070db00000, 0x000000070dc00000, 0x000000070dc00000|100%| E|CS|TAMS 0x000000070db00000, 0x000000070db00000| Complete 
| 208|0x000000070dc00000, 0x000000070dd00000, 0x000000070dd00000|100%| E|CS|TAMS 0x000000070dc00000, 0x000000070dc00000| Complete 
| 209|0x000000070dd00000, 0x000000070de00000, 0x000000070de00000|100%| E|CS|TAMS 0x000000070dd00000, 0x000000070dd00000| Complete 
| 210|0x000000070de00000, 0x000000070df00000, 0x000000070df00000|100%| E|CS|TAMS 0x000000070de00000, 0x000000070de00000| Complete 
| 211|0x000000070df00000, 0x000000070e000000, 0x000000070e000000|100%| E|CS|TAMS 0x000000070df00000, 0x000000070df00000| Complete 
| 212|0x000000070e000000, 0x000000070e100000, 0x000000070e100000|100%| E|CS|TAMS 0x000000070e000000, 0x000000070e000000| Complete 
| 213|0x000000070e100000, 0x000000070e200000, 0x000000070e200000|100%| E|CS|TAMS 0x000000070e100000, 0x000000070e100000| Complete 
| 214|0x000000070e200000, 0x000000070e300000, 0x000000070e300000|100%| E|CS|TAMS 0x000000070e200000, 0x000000070e200000| Complete 
| 215|0x000000070e300000, 0x000000070e400000, 0x000000070e400000|100%| E|CS|TAMS 0x000000070e300000, 0x000000070e300000| Complete 
| 216|0x000000070e400000, 0x000000070e500000, 0x000000070e500000|100%| E|CS|TAMS 0x000000070e400000, 0x000000070e400000| Complete 
| 217|0x000000070e500000, 0x000000070e600000, 0x000000070e600000|100%| E|CS|TAMS 0x000000070e500000, 0x000000070e500000| Complete 
| 218|0x000000070e600000, 0x000000070e700000, 0x000000070e700000|100%| E|CS|TAMS 0x000000070e600000, 0x000000070e600000| Complete 
| 219|0x000000070e700000, 0x000000070e800000, 0x000000070e800000|100%| E|CS|TAMS 0x000000070e700000, 0x000000070e700000| Complete 
| 220|0x000000070e800000, 0x000000070e900000, 0x000000070e900000|100%| E|CS|TAMS 0x000000070e800000, 0x000000070e800000| Complete 
| 221|0x000000070e900000, 0x000000070ea00000, 0x000000070ea00000|100%| E|CS|TAMS 0x000000070e900000, 0x000000070e900000| Complete 
| 222|0x000000070ea00000, 0x000000070eb00000, 0x000000070eb00000|100%| E|CS|TAMS 0x000000070ea00000, 0x000000070ea00000| Complete 
| 223|0x000000070eb00000, 0x000000070ec00000, 0x000000070ec00000|100%| E|CS|TAMS 0x000000070eb00000, 0x000000070eb00000| Complete 
| 224|0x000000070ec00000, 0x000000070ed00000, 0x000000070ed00000|100%| E|CS|TAMS 0x000000070ec00000, 0x000000070ec00000| Complete 
| 225|0x000000070ed00000, 0x000000070ee00000, 0x000000070ee00000|100%| E|CS|TAMS 0x000000070ed00000, 0x000000070ed00000| Complete 
| 226|0x000000070ee00000, 0x000000070ef00000, 0x000000070ef00000|100%| E|CS|TAMS 0x000000070ee00000, 0x000000070ee00000| Complete 
| 227|0x000000070ef00000, 0x000000070f000000, 0x000000070f000000|100%| E|CS|TAMS 0x000000070ef00000, 0x000000070ef00000| Complete 
| 228|0x000000070f000000, 0x000000070f100000, 0x000000070f100000|100%| E|CS|TAMS 0x000000070f000000, 0x000000070f000000| Complete 
| 229|0x000000070f100000, 0x000000070f200000, 0x000000070f200000|100%| E|CS|TAMS 0x000000070f100000, 0x000000070f100000| Complete 
| 230|0x000000070f200000, 0x000000070f300000, 0x000000070f300000|100%| E|CS|TAMS 0x000000070f200000, 0x000000070f200000| Complete 
| 231|0x000000070f300000, 0x000000070f400000, 0x000000070f400000|100%| E|CS|TAMS 0x000000070f300000, 0x000000070f300000| Complete 
| 232|0x000000070f400000, 0x000000070f500000, 0x000000070f500000|100%| E|CS|TAMS 0x000000070f400000, 0x000000070f400000| Complete 
| 233|0x000000070f500000, 0x000000070f600000, 0x000000070f600000|100%| E|CS|TAMS 0x000000070f500000, 0x000000070f500000| Complete 
| 234|0x000000070f600000, 0x000000070f700000, 0x000000070f700000|100%| E|CS|TAMS 0x000000070f600000, 0x000000070f600000| Complete 
| 235|0x000000070f700000, 0x000000070f800000, 0x000000070f800000|100%| E|CS|TAMS 0x000000070f700000, 0x000000070f700000| Complete 
| 236|0x000000070f800000, 0x000000070f900000, 0x000000070f900000|100%| E|CS|TAMS 0x000000070f800000, 0x000000070f800000| Complete 
| 237|0x000000070f900000, 0x000000070fa00000, 0x000000070fa00000|100%| E|CS|TAMS 0x000000070f900000, 0x000000070f900000| Complete 
| 238|0x000000070fa00000, 0x000000070fb00000, 0x000000070fb00000|100%| E|CS|TAMS 0x000000070fa00000, 0x000000070fa00000| Complete 
| 239|0x000000070fb00000, 0x000000070fc00000, 0x000000070fc00000|100%| E|CS|TAMS 0x000000070fb00000, 0x000000070fb00000| Complete 
| 240|0x000000070fc00000, 0x000000070fd00000, 0x000000070fd00000|100%| E|CS|TAMS 0x000000070fc00000, 0x000000070fc00000| Complete 
| 241|0x000000070fd00000, 0x000000070fe00000, 0x000000070fe00000|100%| E|CS|TAMS 0x000000070fd00000, 0x000000070fd00000| Complete 
| 242|0x000000070fe00000, 0x000000070ff00000, 0x000000070ff00000|100%| E|CS|TAMS 0x000000070fe00000, 0x000000070fe00000| Complete 
| 243|0x000000070ff00000, 0x0000000710000000, 0x0000000710000000|100%| E|CS|TAMS 0x000000070ff00000, 0x000000070ff00000| Complete 
| 244|0x0000000710000000, 0x0000000710100000, 0x0000000710100000|100%| E|CS|TAMS 0x0000000710000000, 0x0000000710000000| Complete 
| 245|0x0000000710100000, 0x0000000710200000, 0x0000000710200000|100%| E|CS|TAMS 0x0000000710100000, 0x0000000710100000| Complete 
| 246|0x0000000710200000, 0x0000000710300000, 0x0000000710300000|100%| E|CS|TAMS 0x0000000710200000, 0x0000000710200000| Complete 
| 247|0x0000000710300000, 0x0000000710400000, 0x0000000710400000|100%| E|CS|TAMS 0x0000000710300000, 0x0000000710300000| Complete 
| 248|0x0000000710400000, 0x0000000710500000, 0x0000000710500000|100%| E|CS|TAMS 0x0000000710400000, 0x0000000710400000| Complete 
| 249|0x0000000710500000, 0x0000000710600000, 0x0000000710600000|100%| E|CS|TAMS 0x0000000710500000, 0x0000000710500000| Complete 
| 250|0x0000000710600000, 0x0000000710700000, 0x0000000710700000|100%| E|CS|TAMS 0x0000000710600000, 0x0000000710600000| Complete 
| 251|0x0000000710700000, 0x0000000710800000, 0x0000000710800000|100%| E|CS|TAMS 0x0000000710700000, 0x0000000710700000| Complete 
| 252|0x0000000710800000, 0x0000000710900000, 0x0000000710900000|100%| E|CS|TAMS 0x0000000710800000, 0x0000000710800000| Complete 
| 253|0x0000000710900000, 0x0000000710a00000, 0x0000000710a00000|100%| E|CS|TAMS 0x0000000710900000, 0x0000000710900000| Complete 
| 254|0x0000000710a00000, 0x0000000710b00000, 0x0000000710b00000|100%| E|CS|TAMS 0x0000000710a00000, 0x0000000710a00000| Complete 
| 255|0x0000000710b00000, 0x0000000710c00000, 0x0000000710c00000|100%| E|CS|TAMS 0x0000000710b00000, 0x0000000710b00000| Complete 

Card table byte_map: [0x000001a9f7f50000,0x000001a9f8750000] _byte_map_base: 0x000001a9f474a000

Marking Bits (Prev, Next): (CMBitMap*) 0x000001a9eee65228, (CMBitMap*) 0x000001a9eee65268
 Prev Bits: [0x000001a9f8f50000, 0x000001a9fcf20000)
 Next Bits: [0x000001a98f000000, 0x000001a992fd0000)

Polling page: 0x000001a9ecd30000

Metaspace:

Usage:
  Non-class:     15.39 MB capacity,    15.22 MB ( 99%) used,   143.60 KB ( <1%) free+waste,    33.19 KB ( <1%) overhead. 
      Class:      1.95 MB capacity,     1.85 MB ( 95%) used,    87.90 KB (  4%) free+waste,    15.13 KB ( <1%) overhead. 
       Both:     17.34 MB capacity,    17.07 MB ( 98%) used,   231.50 KB (  1%) free+waste,    48.31 KB ( <1%) overhead. 

Virtual space:
  Non-class space:       16.00 MB reserved,      15.50 MB ( 97%) committed 
      Class space:        1.00 GB reserved,       2.00 MB ( <1%) committed 
             Both:        1.02 GB reserved,      17.50 MB (  2%) committed 

Chunk freelists:
   Non-Class:  5.75 KB
       Class:  2.25 KB
        Both:  8.00 KB

CodeHeap 'non-profiled nmethods': size=120000Kb used=1493Kb max_used=1493Kb free=118506Kb
 bounds [0x000001a987ad0000, 0x000001a987d40000, 0x000001a98f000000]
CodeHeap 'profiled nmethods': size=120000Kb used=6033Kb max_used=6033Kb free=113966Kb
 bounds [0x000001a9805a0000, 0x000001a980b90000, 0x000001a987ad0000]
CodeHeap 'non-nmethods': size=5760Kb used=1334Kb max_used=1373Kb free=4425Kb
 bounds [0x000001a980000000, 0x000001a980270000, 0x000001a9805a0000]
 total_blobs=4678 nmethods=2864 adapters=654
 compilation: enabled
              stopped_count=0, restarted_count=0
 full_count=0

Compilation events (10 events):
Event: 35.881 Thread 0x000001a99385f800 3212       3       java.util.jar.JarVerifier$VerifierStream::read (107 bytes)
Event: 35.881 Thread 0x000001a99385f800 nmethod 3212 0x000001a980b8a210 code [0x000001a980b8a420, 0x000001a980b8aa20]
Event: 35.882 Thread 0x000001a99385f800 3213   !   3       java.security.Provider::getService (125 bytes)
Event: 35.882 Thread 0x000001a99385f800 nmethod 3213 0x000001a980b8ac10 code [0x000001a980b8aea0, 0x000001a980b8bcd0]
Event: 35.882 Thread 0x000001a99385f800 3214       3       java.security.Provider$ServiceKey::matches (22 bytes)
Event: 35.882 Thread 0x000001a99385f800 nmethod 3214 0x000001a980b8c010 code [0x000001a980b8c1c0, 0x000001a980b8c3d8]
Event: 35.882 Thread 0x000001a99385f800 3215       1       java.util.jar.Manifest::getMainAttributes (5 bytes)
Event: 35.882 Thread 0x000001a99385f800 nmethod 3215 0x000001a987c45290 code [0x000001a987c45440, 0x000001a987c45578]
Event: 35.882 Thread 0x000001a99385f800 3216       3       java.io.RandomAccessFile::readFully (45 bytes)
Event: 35.882 Thread 0x000001a99385f800 nmethod 3216 0x000001a980b8c490 code [0x000001a980b8c680, 0x000001a980b8ca60]

GC Heap History (10 events):
Event: 11.609 GC heap before
{Heap before GC invocations=1 (full 0):
 garbage-first heap   total 262144K, used 167537K [0x0000000700c00000, 0x0000000800000000)
  region size 1024K, 153 young (156672K), 3 survivors (3072K)
 Metaspace       used 16132K, capacity 16444K, committed 16640K, reserved 1064960K
  class space    used 1805K, capacity 1924K, committed 2048K, reserved 1048576K
}
Event: 11.614 GC heap after
{Heap after GC invocations=2 (full 0):
 garbage-first heap   total 262144K, used 21054K [0x0000000700c00000, 0x0000000800000000)
  region size 1024K, 11 young (11264K), 11 survivors (11264K)
 Metaspace       used 16132K, capacity 16444K, committed 16640K, reserved 1064960K
  class space    used 1805K, capacity 1924K, committed 2048K, reserved 1048576K
}
Event: 14.802 GC heap before
{Heap before GC invocations=2 (full 0):
 garbage-first heap   total 262144K, used 166462K [0x0000000700c00000, 0x0000000800000000)
  region size 1024K, 153 young (156672K), 11 survivors (11264K)
 Metaspace       used 16150K, capacity 16509K, committed 16640K, reserved 1064960K
  class space    used 1805K, capacity 1924K, committed 2048K, reserved 1048576K
}
Event: 14.805 GC heap after
{Heap after GC invocations=3 (full 0):
 garbage-first heap   total 262144K, used 17986K [0x0000000700c00000, 0x0000000800000000)
  region size 1024K, 8 young (8192K), 8 survivors (8192K)
 Metaspace       used 16150K, capacity 16509K, committed 16640K, reserved 1064960K
  class space    used 1805K, capacity 1924K, committed 2048K, reserved 1048576K
}
Event: 18.610 GC heap before
{Heap before GC invocations=3 (full 0):
 garbage-first heap   total 262144K, used 166466K [0x0000000700c00000, 0x0000000800000000)
  region size 1024K, 153 young (156672K), 8 survivors (8192K)
 Metaspace       used 16166K, capacity 16509K, committed 16640K, reserved 1064960K
  class space    used 1805K, capacity 1924K, committed 2048K, reserved 1048576K
}
Event: 18.611 GC heap after
{Heap after GC invocations=4 (full 0):
 garbage-first heap   total 262144K, used 18002K [0x0000000700c00000, 0x0000000800000000)
  region size 1024K, 8 young (8192K), 8 survivors (8192K)
 Metaspace       used 16166K, capacity 16509K, committed 16640K, reserved 1064960K
  class space    used 1805K, capacity 1924K, committed 2048K, reserved 1048576K
}
Event: 22.417 GC heap before
{Heap before GC invocations=4 (full 0):
 garbage-first heap   total 262144K, used 166482K [0x0000000700c00000, 0x0000000800000000)
  region size 1024K, 153 young (156672K), 8 survivors (8192K)
 Metaspace       used 16190K, capacity 16509K, committed 16640K, reserved 1064960K
  class space    used 1805K, capacity 1924K, committed 2048K, reserved 1048576K
}
Event: 22.418 GC heap after
{Heap after GC invocations=5 (full 0):
 garbage-first heap   total 262144K, used 17954K [0x0000000700c00000, 0x0000000800000000)
  region size 1024K, 8 young (8192K), 8 survivors (8192K)
 Metaspace       used 16190K, capacity 16509K, committed 16640K, reserved 1064960K
  class space    used 1805K, capacity 1924K, committed 2048K, reserved 1048576K
}
Event: 26.227 GC heap before
{Heap before GC invocations=5 (full 0):
 garbage-first heap   total 262144K, used 166434K [0x0000000700c00000, 0x0000000800000000)
  region size 1024K, 153 young (156672K), 8 survivors (8192K)
 Metaspace       used 16201K, capacity 16509K, committed 16640K, reserved 1064960K
  class space    used 1805K, capacity 1924K, committed 2048K, reserved 1048576K
}
Event: 26.228 GC heap after
{Heap after GC invocations=6 (full 0):
 garbage-first heap   total 262144K, used 17686K [0x0000000700c00000, 0x0000000800000000)
  region size 1024K, 8 young (8192K), 8 survivors (8192K)
 Metaspace       used 16201K, capacity 16509K, committed 16640K, reserved 1064960K
  class space    used 1805K, capacity 1924K, committed 2048K, reserved 1048576K
}

Deoptimization events (10 events):
Event: 8.700 Thread 0x000001a993f3e800 Uncommon trap: reason=unstable_if action=reinterpret pc=0x000001a987bba9b8 method=java.awt.Component.getInputContext()Ljava/awt/im/InputContext; @ 6 c2
Event: 28.842 Thread 0x000001a993f3e800 Uncommon trap: reason=unstable_if action=reinterpret pc=0x000001a987b3b14c method=java.lang.String.startsWith(Ljava/lang/String;I)Z @ 14 c2
Event: 28.846 Thread 0x000001a993f3e800 Uncommon trap: reason=unstable_if action=reinterpret pc=0x000001a987b55aa0 method=java.io.WinNTFileSystem.normalize(Ljava/lang/String;)Ljava/lang/String; @ 40 c2
Event: 28.907 Thread 0x000001a993f3e800 Uncommon trap: reason=class_check action=maybe_recompile pc=0x000001a987b51628 method=java.util.HashMap.putVal(ILjava/lang/Object;Ljava/lang/Object;ZZ)Ljava/lang/Object; @ 253 c2
Event: 28.907 Thread 0x000001a993f3e800 Uncommon trap: reason=class_check action=maybe_recompile pc=0x000001a987b51628 method=java.util.HashMap.putVal(ILjava/lang/Object;Ljava/lang/Object;ZZ)Ljava/lang/Object; @ 253 c2
Event: 28.907 Thread 0x000001a993f3e800 Uncommon trap: reason=class_check action=maybe_recompile pc=0x000001a987b51628 method=java.util.HashMap.putVal(ILjava/lang/Object;Ljava/lang/Object;ZZ)Ljava/lang/Object; @ 253 c2
Event: 28.907 Thread 0x000001a993f3e800 Uncommon trap: reason=class_check action=maybe_recompile pc=0x000001a987b51628 method=java.util.HashMap.putVal(ILjava/lang/Object;Ljava/lang/Object;ZZ)Ljava/lang/Object; @ 253 c2
Event: 30.071 Thread 0x000001a993f3e800 Uncommon trap: reason=unstable_if action=reinterpret pc=0x000001a987c449fc method=java.util.zip.ZipFile$ZipFileInputStream.read([BII)I @ 41 c2
Event: 30.072 Thread 0x000001a993f3e800 Uncommon trap: reason=unstable_if action=reinterpret pc=0x000001a987c42078 method=java.util.jar.JarVerifier$VerifierStream.read([BII)I @ 20 c2
Event: 30.072 Thread 0x000001a993f3e800 Uncommon trap: reason=unstable_if action=reinterpret pc=0x000001a987c3fccc method=java.util.jar.JarVerifier.update(I[BIILsun/security/util/ManifestEntryVerifier;)V @ 2 c2

Classes redefined (0 events):
No events

Internal exceptions (10 events):
Event: 0.926 Thread 0x000001a9eee03000 Exception <a 'java/lang/ClassNotFoundException'{0x000000070feb5cd8}: Tree> (0x000000070feb5cd8) thrown at [t:/workspace/open/src/hotspot/share/classfile/systemDictionary.cpp, line 235]
Event: 0.926 Thread 0x000001a9eee03000 Exception <a 'java/lang/ClassNotFoundException'{0x000000070feb6198}: Tree> (0x000000070feb6198) thrown at [t:/workspace/open/src/hotspot/share/classfile/systemDictionary.cpp, line 235]
Event: 0.926 Thread 0x000001a9eee03000 Exception <a 'java/lang/ClassNotFoundException'{0x000000070feb6508}: javax/swing/JTreeCell> (0x000000070feb6508) thrown at [t:/workspace/open/src/hotspot/share/classfile/systemDictionary.cpp, line 235]
Event: 0.926 Thread 0x000001a9eee03000 Exception <a 'java/lang/ClassNotFoundException'{0x000000070feb6808}: TreeCell> (0x000000070feb6808) thrown at [t:/workspace/open/src/hotspot/share/classfile/systemDictionary.cpp, line 235]
Event: 0.926 Thread 0x000001a9eee03000 Exception <a 'java/lang/ClassNotFoundException'{0x000000070feb6dc8}: RootPane> (0x000000070feb6dc8) thrown at [t:/workspace/open/src/hotspot/share/classfile/systemDictionary.cpp, line 235]
Event: 0.942 Thread 0x000001a9eee03000 Exception <a 'java/lang/NoSuchMethodError'{0x000000070fd2d0d0}: java.lang.invoke.DirectMethodHandle$Holder.invokeStaticInit(Ljava/lang/Object;)V> (0x000000070fd2d0d0) thrown at [t:/workspace/open/src/hotspot/share/interpreter/linkResolver.cpp, line 777]
Event: 0.946 Thread 0x000001a9eee03000 Exception <a 'java/lang/NoSuchMethodError'{0x000000070fd574f8}: java.lang.invoke.Invokers$Holder.linkToTargetMethod(Ljava/lang/Object;ILjava/lang/Object;)Ljava/lang/Object;> (0x000000070fd574f8) thrown at [t:/workspace/open/src/hotspot/share/interpreter/l
Event: 28.838 Thread 0x000001a993f3e800 Exception <a 'java/lang/NoClassDefFoundError'{0x000000070af6cc40}: org/slf4j/impl/StaticLoggerBinder> (0x000000070af6cc40) thrown at [t:/workspace/open/src/hotspot/share/classfile/systemDictionary.cpp, line 224]
Event: 28.908 Thread 0x000001a993f3e800 Exception <a 'java/lang/NoSuchMethodError'{0x000000070a467e40}: java.lang.invoke.DirectMethodHandle$Holder.invokeStaticInit(Ljava/lang/Object;IIII)Ljava/lang/Object;> (0x000000070a467e40) thrown at [t:/workspace/open/src/hotspot/share/interpreter/linkReso
Event: 29.000 Thread 0x000001a993f3e800 Exception <a 'java/lang/NoSuchMethodError'{0x000000070a4d3b38}: java.lang.invoke.DirectMethodHandle$Holder.invokeStaticInit(Ljava/lang/Object;Ljava/lang/Object;IIII)Ljava/lang/Object;> (0x000000070a4d3b38) thrown at [t:/workspace/open/src/hotspot/share/in

Events (10 events):
Event: 35.880 loading class io/humble/ferry/JNIReference
Event: 35.880 loading class io/humble/ferry/JNIReference done
Event: 35.881 loading class io/humble/ferry/JNIMemoryManager
Event: 35.881 loading class io/humble/ferry/JNIMemoryManager done
Event: 35.881 loading class io/humble/ferry/JNIMemoryManager$MemoryModel
Event: 35.881 loading class io/humble/ferry/JNIMemoryManager$MemoryModel done
Event: 35.882 loading class io/humble/video/Video
Event: 35.882 loading class io/humble/video/Video done
Event: 35.882 loading class io/humble/video/Global
Event: 35.882 loading class io/humble/video/Global done


Dynamic libraries:
0x00007ff606020000 - 0x00007ff60602f000 	C:\Program Files\Java\jdk-12\bin\javaw.exe
0x00007ffeb35e0000 - 0x00007ffeb37d0000 	C:\WINDOWS\SYSTEM32\ntdll.dll
0x00007ffeb2420000 - 0x00007ffeb24d2000 	C:\WINDOWS\System32\KERNEL32.DLL
0x00007ffeb0990000 - 0x00007ffeb0c34000 	C:\WINDOWS\System32\KERNELBASE.dll
0x00007ffeb0cf0000 - 0x00007ffeb0dea000 	C:\WINDOWS\System32\ucrtbase.dll
0x00007ffeac0e0000 - 0x00007ffeac0f6000 	C:\Program Files\Java\jdk-12\bin\VCRUNTIME140.dll
0x00007ffeaa340000 - 0x00007ffeaa358000 	C:\Program Files\Java\jdk-12\bin\jli.dll
0x00007ffeb1690000 - 0x00007ffeb1733000 	C:\WINDOWS\System32\ADVAPI32.dll
0x00007ffeb27a0000 - 0x00007ffeb283e000 	C:\WINDOWS\System32\msvcrt.dll
0x00007ffeb2380000 - 0x00007ffeb2417000 	C:\WINDOWS\System32\sechost.dll
0x00007ffeb2f30000 - 0x00007ffeb3050000 	C:\WINDOWS\System32\RPCRT4.dll
0x00007ffeb24e0000 - 0x00007ffeb2674000 	C:\WINDOWS\System32\USER32.dll
0x00007ffeb0710000 - 0x00007ffeb0731000 	C:\WINDOWS\System32\win32u.dll
0x00007ffeb2d90000 - 0x00007ffeb2db6000 	C:\WINDOWS\System32\GDI32.dll
0x00007ffea1340000 - 0x00007ffea15c4000 	C:\WINDOWS\WinSxS\amd64_microsoft.windows.common-controls_6595b64144ccf1df_6.0.18362.836_none_e6c4b943130f18ed\COMCTL32.dll
0x00007ffeb0570000 - 0x00007ffeb0704000 	C:\WINDOWS\System32\gdi32full.dll
0x00007ffeb2870000 - 0x00007ffeb2ba6000 	C:\WINDOWS\System32\combase.dll
0x00007ffeb0df0000 - 0x00007ffeb0e8e000 	C:\WINDOWS\System32\msvcp_win.dll
0x00007ffeb0c40000 - 0x00007ffeb0cc0000 	C:\WINDOWS\System32\bcryptPrimitives.dll
0x00007ffeab500000 - 0x00007ffeab50a000 	C:\WINDOWS\SYSTEM32\VERSION.dll
0x00007ffeb2840000 - 0x00007ffeb286e000 	C:\WINDOWS\System32\IMM32.DLL
0x00007ffea1ba0000 - 0x00007ffea1c4a000 	C:\Program Files\Java\jdk-12\bin\msvcp140.dll
0x00007ffe64790000 - 0x00007ffe65304000 	C:\Program Files\Java\jdk-12\bin\server\jvm.dll
0x00007ffeb2dc0000 - 0x00007ffeb2dc8000 	C:\WINDOWS\System32\PSAPI.DLL
0x00007ffead230000 - 0x00007ffead239000 	C:\WINDOWS\SYSTEM32\WSOCK32.dll
0x00007ffeab350000 - 0x00007ffeab374000 	C:\WINDOWS\SYSTEM32\WINMM.dll
0x00007ffeb2c50000 - 0x00007ffeb2cbf000 	C:\WINDOWS\System32\WS2_32.dll
0x00007ffeab190000 - 0x00007ffeab1bd000 	C:\WINDOWS\SYSTEM32\winmmbase.dll
0x00007ffeb0740000 - 0x00007ffeb078a000 	C:\WINDOWS\System32\cfgmgr32.dll
0x00007ffeb0550000 - 0x00007ffeb0561000 	C:\WINDOWS\System32\kernel.appcore.dll
0x00007ffeaa250000 - 0x00007ffeaa261000 	C:\Program Files\Java\jdk-12\bin\verify.dll
0x00007ffe9a2c0000 - 0x00007ffe9a4b4000 	C:\WINDOWS\SYSTEM32\DBGHELP.DLL
0x00007ffe99d20000 - 0x00007ffe99d4a000 	C:\WINDOWS\SYSTEM32\dbgcore.DLL
0x00007ffea9040000 - 0x00007ffea9066000 	C:\Program Files\Java\jdk-12\bin\java.dll
0x00007ffeaa230000 - 0x00007ffeaa247000 	C:\Program Files\Java\jdk-12\bin\zip.dll
0x00007ffead130000 - 0x00007ffead13a000 	C:\Program Files\Java\jdk-12\bin\jimage.dll
0x00007ffeb1820000 - 0x00007ffeb1f04000 	C:\WINDOWS\System32\SHELL32.dll
0x00007ffeb30b0000 - 0x00007ffeb3159000 	C:\WINDOWS\System32\shcore.dll
0x00007ffeb0f10000 - 0x00007ffeb168e000 	C:\WINDOWS\System32\windows.storage.dll
0x00007ffeb04b0000 - 0x00007ffeb04d3000 	C:\WINDOWS\System32\profapi.dll
0x00007ffeb0500000 - 0x00007ffeb054a000 	C:\WINDOWS\System32\powrprof.dll
0x00007ffeb04a0000 - 0x00007ffeb04b0000 	C:\WINDOWS\System32\UMPDC.dll
0x00007ffeb2d30000 - 0x00007ffeb2d82000 	C:\WINDOWS\System32\shlwapi.dll
0x00007ffeb0ef0000 - 0x00007ffeb0f07000 	C:\WINDOWS\System32\cryptsp.dll
0x00007ffea90c0000 - 0x00007ffea90d9000 	C:\Program Files\Java\jdk-12\bin\net.dll
0x00007ffea6510000 - 0x00007ffea66e6000 	C:\WINDOWS\SYSTEM32\urlmon.dll
0x00007ffea8ce0000 - 0x00007ffea8dd0000 	C:\WINDOWS\SYSTEM32\WINHTTP.dll
0x00007ffea74d0000 - 0x00007ffea7776000 	C:\WINDOWS\SYSTEM32\iertutil.dll
0x00007ffeafee0000 - 0x00007ffeafeec000 	C:\WINDOWS\SYSTEM32\CRYPTBASE.DLL
0x00007ffeafd10000 - 0x00007ffeafd77000 	C:\WINDOWS\system32\mswsock.dll
0x00007ffea9020000 - 0x00007ffea9033000 	C:\Program Files\Java\jdk-12\bin\nio.dll
0x00007ffe71560000 - 0x00007ffe716ff000 	C:\Program Files\Java\jdk-12\bin\awt.dll
0x00007ffeb1740000 - 0x00007ffeb1804000 	C:\WINDOWS\System32\OLEAUT32.dll
0x00007ffead250000 - 0x00007ffead810000 	C:\WINDOWS\SYSTEM32\d2d1.dll
0x00007ffeae630000 - 0x00007ffeae6bf000 	C:\WINDOWS\SYSTEM32\apphelp.dll
0x00007ffeae7f0000 - 0x00007ffeae889000 	C:\WINDOWS\system32\uxtheme.dll
0x00007ffeb3390000 - 0x00007ffeb34c6000 	C:\WINDOWS\System32\MSCTF.dll
0x00007ffeb2dd0000 - 0x00007ffeb2f27000 	C:\WINDOWS\System32\ole32.dll
0x00007ffea8670000 - 0x00007ffea86f0000 	C:\Program Files\Java\jdk-12\bin\freetype.dll
0x00007ffea8080000 - 0x00007ffea80ef000 	C:\Program Files\Java\jdk-12\bin\fontmanager.dll
0x00007ffeaed20000 - 0x00007ffeaed4d000 	C:\WINDOWS\system32\DWMAPI.DLL
0x00007ffe79080000 - 0x00007ffe791d6000 	C:\WINDOWS\system32\opengl32.dll
0x00007ffe91bb0000 - 0x00007ffe91bdc000 	C:\WINDOWS\SYSTEM32\GLU32.dll
0x00007ffeaf180000 - 0x00007ffeaf1a0000 	C:\WINDOWS\SYSTEM32\dxcore.dll
0x00007ffea7d90000 - 0x00007ffea7f57000 	C:\WINDOWS\system32\d3d9.dll
0x00007ffeaa3f0000 - 0x00007ffeaa4df000 	C:\WINDOWS\System32\DriverStore\FileRepository\nv_dispi.inf_amd64_9952681a7bb1dfac\nvldumdx.dll
0x00007ffeb0840000 - 0x00007ffeb0989000 	C:\WINDOWS\System32\crypt32.dll
0x00007ffeb04e0000 - 0x00007ffeb04f2000 	C:\WINDOWS\System32\MSASN1.dll
0x00007ffeab400000 - 0x00007ffeab42f000 	C:\WINDOWS\SYSTEM32\cryptnet.dll
0x00007ffeb0e90000 - 0x00007ffeb0eec000 	C:\WINDOWS\System32\WINTRUST.DLL
0x00007ffeb2bb0000 - 0x00007ffeb2bcd000 	C:\WINDOWS\System32\imagehlp.dll
0x00007ffeaf880000 - 0x00007ffeaf8b3000 	C:\WINDOWS\system32\rsaenh.dll
0x00007ffeb0cc0000 - 0x00007ffeb0ce6000 	C:\WINDOWS\System32\bcrypt.dll
0x00007ffe5c1f0000 - 0x00007ffe5d713000 	C:\WINDOWS\System32\DriverStore\FileRepository\nv_dispi.inf_amd64_9952681a7bb1dfac\nvd3dumx.dll
0x00007ffe7b920000 - 0x00007ffe7bbd7000 	C:\WINDOWS\system32\nvspcap64.dll
0x00007ffeaf500000 - 0x00007ffeaf531000 	C:\WINDOWS\SYSTEM32\ntmarta.dll
0x00007ffeaf0c0000 - 0x00007ffeaf0e2000 	C:\WINDOWS\SYSTEM32\gpapi.dll
0x00007ffea9160000 - 0x00007ffea9209000 	C:\WINDOWS\WinSxS\amd64_microsoft.windows.common-controls_6595b64144ccf1df_5.82.18362.836_none_2a2600ea466b531c\comctl32.dll
0x00007ffeb2690000 - 0x00007ffeb2732000 	C:\WINDOWS\System32\clbcatq.dll
0x00007ffeace00000 - 0x00007ffeacef0000 	C:\WINDOWS\SYSTEM32\PROPSYS.dll
0x00007ffea7f90000 - 0x00007ffea7fa6000 	C:\WINDOWS\system32\NetworkExplorer.dll
0x00007ffe8b3c0000 - 0x00007ffe8b3db000 	C:\WINDOWS\SYSTEM32\MPR.dll
0x00007ffead060000 - 0x00007ffead06b000 	C:\WINDOWS\System32\drprov.dll
0x00007ffeaf570000 - 0x00007ffeaf5c6000 	C:\WINDOWS\System32\WINSTA.dll
0x00007ffeaa8f0000 - 0x00007ffeaa905000 	C:\WINDOWS\System32\ntlanman.dll
0x00007ffeaa540000 - 0x00007ffeaa55d000 	C:\WINDOWS\System32\davclnt.dll
0x00007ffeac010000 - 0x00007ffeac01c000 	C:\WINDOWS\System32\DAVHLPR.dll
0x00007ffeac0c0000 - 0x00007ffeac0d7000 	C:\WINDOWS\System32\wkscli.dll
0x00007ffe91b80000 - 0x00007ffe91b92000 	C:\WINDOWS\SYSTEM32\cscapi.dll
0x00007ffeafb30000 - 0x00007ffeafb3c000 	C:\WINDOWS\System32\netutils.dll
0x00007ffe937c0000 - 0x00007ffe93813000 	C:\Windows\System32\dlnashext.dll
0x00007ffe8bbc0000 - 0x00007ffe8bc24000 	C:\Windows\System32\PlayToDevice.dll
0x00007ffe9ee00000 - 0x00007ffe9ee20000 	C:\Windows\System32\DevDispItemProvider.dll
0x00007ffeab380000 - 0x00007ffeab3f2000 	C:\WINDOWS\System32\MMDevApi.dll
0x00007ffeb02a0000 - 0x00007ffeb02ca000 	C:\WINDOWS\System32\DEVOBJ.dll
0x00007ffe66d50000 - 0x00007ffe66deb000 	C:\WINDOWS\system32\wpdshext.dll
0x00007ffe9f1c0000 - 0x00007ffe9f363000 	C:\WINDOWS\WinSxS\amd64_microsoft.windows.gdiplus_6595b64144ccf1df_1.1.18362.836_none_17afac286da192bb\gdiplus.dll
0x00007ffe80910000 - 0x00007ffe809ae000 	C:\Windows\System32\PortableDeviceApi.dll
0x00007ffeb1f10000 - 0x00007ffeb2380000 	C:\WINDOWS\System32\SETUPAPI.dll
0x00007ffeaa180000 - 0x00007ffeaa1b0000 	C:\Windows\System32\PortableDeviceTypes.dll
0x00007ffe80010000 - 0x00007ffe80047000 	C:\Windows\System32\EhStorShell.dll
0x00007ffea7f60000 - 0x00007ffea7f85000 	C:\Windows\System32\EhStorAPI.dll
0x00007ffeabd30000 - 0x00007ffeabd43000 	C:\Windows\System32\WTSAPI32.dll
0x00007ffea90b0000 - 0x00007ffea90bd000 	C:\WINDOWS\SYSTEM32\LINKINFO.dll
0x00007ffe9f380000 - 0x00007ffe9f41e000 	C:\WINDOWS\System32\TextInputFramework.dll
0x00007ffeae420000 - 0x00007ffeae4f4000 	C:\WINDOWS\System32\CoreMessaging.dll
0x00007ffea9210000 - 0x00007ffea953a000 	C:\WINDOWS\System32\CoreUIComponents.dll
0x00007ffeac1e0000 - 0x00007ffeac333000 	C:\WINDOWS\SYSTEM32\wintypes.dll
0x00007ffea8b30000 - 0x00007ffea8cdf000 	C:\WINDOWS\SYSTEM32\WindowsCodecs.dll
0x00007ffeab740000 - 0x00007ffeab77a000 	C:\WINDOWS\system32\dataexchange.dll
0x00007ffeaded0000 - 0x00007ffeae0ac000 	C:\WINDOWS\system32\dcomp.dll
0x00007ffead810000 - 0x00007ffeada6b000 	C:\WINDOWS\system32\d3d11.dll
0x00007ffeaf1a0000 - 0x00007ffeaf28b000 	C:\WINDOWS\system32\dxgi.dll
0x00007ffeae8d0000 - 0x00007ffeaeb31000 	C:\WINDOWS\system32\twinapi.appcore.dll
0x00007ffeaed50000 - 0x00007ffeaed79000 	C:\WINDOWS\system32\RMCLIENT.dll
0x00007ffeb0390000 - 0x00007ffeb03b5000 	C:\WINDOWS\SYSTEM32\USERENV.dll
0x00007ffeafa20000 - 0x00007ffeafa5a000 	C:\WINDOWS\SYSTEM32\IPHLPAPI.DLL
0x00007ffeb1810000 - 0x00007ffeb1818000 	C:\WINDOWS\System32\NSI.dll
0x00007ffeaab60000 - 0x00007ffeaab76000 	C:\WINDOWS\SYSTEM32\dhcpcsvc6.DLL
0x00007ffeaaa20000 - 0x00007ffeaaa3c000 	C:\WINDOWS\SYSTEM32\dhcpcsvc.DLL
0x00007ffeafa60000 - 0x00007ffeafb2b000 	C:\WINDOWS\SYSTEM32\DNSAPI.dll
0x0000000066600000 - 0x000000006f1c9000 	C:\Users\The Pheonix\AppData\Local\Temp\humble4166599247600177609.dll

dbghelp: loaded successfully - version: 4.0.5 - missing functions: none
symbol engine: initialized successfully - sym options: 0x614 - pdb path: .;C:\Program Files\Java\jdk-12\bin;C:\WINDOWS\SYSTEM32;C:\WINDOWS\WinSxS\amd64_microsoft.windows.common-controls_6595b64144ccf1df_6.0.18362.836_none_e6c4b943130f18ed;C:\Program Files\Java\jdk-12\bin\server;C:\WINDOWS\System32\DriverStore\FileRepository\nv_dispi.inf_amd64_9952681a7bb1dfac;C:\WINDOWS\WinSxS\amd64_microsoft.windows.common-controls_6595b64144ccf1df_5.82.18362.836_none_2a2600ea466b531c;C:\WINDOWS\WinSxS\amd64_microsoft.windows.gdiplus_6595b64144ccf1df_1.1.18362.836_none_17afac286da192bb;C:\Users\The Pheonix\AppData\Local\Temp

VM Arguments:
jvm_args: -Dfile.encoding=Cp1252 
java_command: glick.Launcher
java_class_path (initial): C:\Users\The Pheonix\git\Mandelbrot-set\target\classes;C:\Users\The Pheonix\.p2\pool\plugins\org.junit.jupiter.api_5.1.0.v20180327-1502.jar;C:\Users\The Pheonix\.p2\pool\plugins\org.junit.jupiter.engine_5.1.0.v20180327-1502.jar;C:\Users\The Pheonix\.p2\pool\plugins\org.junit.jupiter.migrationsupport_5.1.0.v20180327-1502.jar;C:\Users\The Pheonix\.p2\pool\plugins\org.junit.jupiter.params_5.1.0.v20180327-1502.jar;C:\Users\The Pheonix\.p2\pool\plugins\org.junit.platform.commons_1.1.0.v20180327-1502.jar;C:\Users\The Pheonix\.p2\pool\plugins\org.junit.platform.engine_1.1.0.v20180327-1502.jar;C:\Users\The Pheonix\.p2\pool\plugins\org.junit.platform.launcher_1.1.0.v20180327-1502.jar;C:\Users\The Pheonix\.p2\pool\plugins\org.junit.platform.runner_1.1.0.v20180327-1502.jar;C:\Users\The Pheonix\.p2\pool\plugins\org.junit.platform.suite.api_1.1.0.v20180327-1502.jar;C:\Users\The Pheonix\.p2\pool\plugins\org.junit.vintage.engine_5.1.0.v20180327-1502.jar;C:\Users\The Pheonix\.p2\pool\plugins\org.opentest4j_1.0.0.v20180327-1502.jar;C:\Users\The Pheonix\.p2\pool\plugins\org.apiguardian_1.0.0.v20180327-1502.jar;C:\Users\The Pheonix\.p2\pool\plugins\org.junit_4.12.0.v201504281640\junit.jar;C:\Users\The Pheonix\.p2\pool\plugins\org.hamcrest.core_1.3.0.v20180420-1519.jar;C:\Users\The Pheonix\.m2\repository\io\humble\humble-video-all\0.3.0\humble-video-all-0.3.0.jar;C:\Users\The Pheonix\.m2\repository\io\humble\humble-video-noarch\0.3.0\humble-video-noarch-0.3.0.jar;C:\Users\The Pheonix\.m2\repository\org\slf4j\slf4j-api\1.7.5\slf4j-api-1.7.5.jar;C:\Users\The Pheonix\.m2\repository\io\humble\humble-video-arch-x86_64-w64-mingw32\0.3.0\humble-video-arch-x86_64-w64-mingw32-0.3.0.jar
Launcher Type: SUN_STANDARD

[Global flags]
     intx CICompilerCount                          = 4                                         {product} {ergonomic}
     uint ConcGCThreads                            = 3                                         {product} {ergonomic}
     uint G1ConcRefinementThreads                  = 10                                        {product} {ergonomic}
   size_t G1HeapRegionSize                         = 1048576                                   {product} {ergonomic}
    uintx GCDrainStackTargetSize                   = 64                                        {product} {ergonomic}
   size_t InitialHeapSize                          = 268435456                                 {product} {ergonomic}
   size_t MarkStackSize                            = 4194304                                   {product} {ergonomic}
   size_t MaxHeapSize                              = 4282384384                                {product} {ergonomic}
   size_t MaxNewSize                               = 2569011200                                {product} {ergonomic}
   size_t MinHeapDeltaBytes                        = 1048576                                   {product} {ergonomic}
    uintx NonNMethodCodeHeapSize                   = 5836300                                {pd product} {ergonomic}
    uintx NonProfiledCodeHeapSize                  = 122910970                              {pd product} {ergonomic}
    uintx ProfiledCodeHeapSize                     = 122910970                              {pd product} {ergonomic}
    uintx ReservedCodeCacheSize                    = 251658240                              {pd product} {ergonomic}
     bool SegmentedCodeCache                       = true                                      {product} {ergonomic}
     bool UseCompressedClassPointers               = true                                 {lp64_product} {ergonomic}
     bool UseCompressedOops                        = true                                 {lp64_product} {ergonomic}
     bool UseG1GC                                  = true                                      {product} {ergonomic}
     bool UseLargePagesIndividualAllocation        = false                                  {pd product} {ergonomic}

Logging:
Log output configuration:
 #0: stdout all=warning uptime,level,tags
 #1: stderr all=off uptime,level,tags

Environment Variables:
JAVA_HOME=C:\Program Files\Java\jdk1.8.0_111
PATH=C:\Program Files (x86)\Common Files\Intel\Shared Libraries\redist\intel64\compiler;C:\ProgramData\Oracle\Java\javapath;C:\Windows\system32;C:\Windows;C:\Windows\System32\Wbem;C:\Windows\System32\WindowsPowerShell\v1.0\;C:\Program Files (x86)\NVIDIA Corporation\PhysX\Common;C:\WINDOWS\system32;C:\WINDOWS;C:\WINDOWS\System32\Wbem;C:\WINDOWS\System32\WindowsPowerShell\v1.0\;C:\Program Files (x86)\IVI Foundation\VISA\WinNT\Bin\;C:\Program Files\IVI Foundation\VISA\Win64\Bin\;C:\Program Files (x86)\IVI Foundation\VISA\WinNT\Bin;C:\Program Files\PuTTY\;C:\Python26;C:\Program Files\Apache\maven\bin;C:\WINDOWS\System32\OpenSSH\;C:\Program Files (x86)\QT Lite\QTSystem;C:\Program Files\NVIDIA Corporation\NVIDIA NvDLISR;C:\WINDOWS\system32;C:\WINDOWS;C:\WINDOWS\System32\Wbem;C:\WINDOWS\System32\WindowsPowerShell\v1.0\;C:\WINDOWS\System32\OpenSSH\;C:\Program Files\Git\cmd;C:\Program Files\dotnet\;C:\Users\The Pheonix\AppData\Local\Programs\Python\Python36-32\Scripts\;C:\Users\The Pheonix\AppData\Local\Programs\Python\Python36-32\;C:\Users\The Pheonix\AppData\Local\Microsoft\WindowsApps;C:\Users\The Pheonix\AppData\Local\GitHubDesktop\bin;C:\Users\The Pheonix\AppData\Local\Microsoft\WindowsApps;C:\Program Files (x86)\FAHClient;;C:\Users\The Pheonix\AppData\Local\Programs\Microsoft VS Code\bin
USERNAME=The Pheonix
OS=Windows_NT
PROCESSOR_IDENTIFIER=AMD64 Family 23 Model 113 Stepping 0, AuthenticAMD



---------------  S Y S T E M  ---------------

OS: Windows 10 , 64 bit Build 18362 (10.0.18362.778)

CPU:total 12 (initial active 12) (12 cores per cpu, 2 threads per core) family 23 model 113 stepping 0, cmov, cx8, fxsr, mmx, sse, sse2, sse3, ssse3, sse4.1, sse4.2, popcnt, avx, avx2, aes, clmul, mmxext, 3dnowpref, lzcnt, sse4a, ht, tsc, tscinvbit, tscinv, bmi1, bmi2, adx, sha, fma

Memory: 4k page, system-wide physical 16333M (7811M free)
TotalPageFile size 24013M (AvailPageFile size 7531M)
current process WorkingSet (physical memory assigned to process): 288M, peak: 308M
current process commit charge ("private bytes"): 429M, peak: 439M

vm_info: Java HotSpot(TM) 64-Bit Server VM (12+33) for windows-amd64 JRE (12+33), built on Feb 21 2019 02:31:50 by "mach5one" with MS VC++ 15.5 (VS2017)

END.
